Results of pyright linter (version 1.1.402)
See documentation on https://megalinter.io/8.8.0/descriptors/python_pyright/
-----------------------------------------------

❌ [ERROR] for workspace /github/workspace
Linter raw log:
venv .venv subdirectory not found in venv path config.
server/main.py
  server/main.py:9:6 - error: Import "fastapi" could not be resolved (reportMissingImports)
  server/main.py:9:21 - error: Type of "FastAPI" is unknown (reportUnknownVariableType)
  server/main.py:9:30 - error: Type of "Header" is unknown (reportUnknownVariableType)
  server/main.py:9:38 - error: Type of "HTTPException" is unknown (reportUnknownVariableType)
  server/main.py:10:6 - error: Import "fastapi.middleware.cors" could not be resolved (reportMissingImports)
  server/main.py:10:37 - error: Type of "CORSMiddleware" is unknown (reportUnknownVariableType)
  server/main.py:11:6 - error: Import "pydantic" could not be resolved (reportMissingImports)
  server/main.py:11:22 - error: Type of "BaseModel" is unknown (reportUnknownVariableType)
  server/main.py:12:6 - error: Import "pydantic_settings" could not be resolved (reportMissingImports)
  server/main.py:12:31 - error: Type of "BaseSettings" is unknown (reportUnknownVariableType)
  server/main.py:12:45 - error: Type of "SettingsConfigDict" is unknown (reportUnknownVariableType)
  server/main.py:14:6 - error: Import "plaid_adapter" could not be resolved (reportMissingImports)
  server/main.py:14:27 - error: Type of "PlaidAdapter" is unknown (reportUnknownVariableType)
  server/main.py:14:41 - error: Type of "NormalizedTransaction" is unknown (reportUnknownVariableType)
  server/main.py:17:16 - error: Base class type is unknown, obscuring type of derived class (reportUntypedBaseClass)
  server/main.py:33:5 - error: Type of "model_config" is unknown (reportUnknownVariableType)
  server/main.py:60:9 - error: Type of "plaid_adapter" is unknown (reportUnknownVariableType)
  server/main.py:76:20 - error: Type of parameter "app" is unknown (reportUnknownParameterType)
  server/main.py:88:1 - error: Type of "app" is unknown (reportUnknownVariableType)
  server/main.py:97:1 - error: Type of "add_middleware" is unknown (reportUnknownMemberType)
  server/main.py:106:2 - error: Type of "get" is unknown (reportUnknownMemberType)
  server/main.py:106:2 - error: Untyped function decorator obscures type of function; ignoring decorator (reportUntypedFunctionDecorator)
  server/main.py:113:2 - error: Type of "get" is unknown (reportUnknownMemberType)
  server/main.py:113:2 - error: Untyped function decorator obscures type of function; ignoring decorator (reportUntypedFunctionDecorator)
  server/main.py:124:27 - error: Base class type is unknown, obscuring type of derived class (reportUntypedBaseClass)
  server/main.py:133:28 - error: Base class type is unknown, obscuring type of derived class (reportUntypedBaseClass)
  server/main.py:162:2 - error: Type of "get" is unknown (reportUnknownMemberType)
  server/main.py:162:2 - error: Untyped function decorator obscures type of function; ignoring decorator (reportUntypedFunctionDecorator)
  server/main.py:238:9 - error: Type of "result" is unknown (reportUnknownVariableType)
  server/main.py:238:18 - error: Type of "get_transactions" is unknown (reportUnknownMemberType)
  server/main.py:246:9 - error: Type of "normalized_transactions" is unknown (reportUnknownVariableType)
  server/main.py:246:35 - error: Type of "normalize_transactions" is unknown (reportUnknownMemberType)
  server/main.py:247:13 - error: Type of "get" is unknown (reportUnknownMemberType)
  server/main.py:250:49 - error: Argument type is unknown
    Argument corresponds to parameter "obj" in function "len" (reportUnknownArgumentType)
  server/main.py:254:29 - error: Argument type is unknown
    Argument corresponds to parameter "obj" in function "len" (reportUnknownArgumentType)
  server/main.py:255:32 - error: Type of "get" is unknown (reportUnknownMemberType)
  server/main.py:255:32 - error: Argument type is unknown
    Argument corresponds to parameter "obj" in function "len" (reportUnknownArgumentType)
  server/main.py:256:24 - error: Type of "get" is unknown (reportUnknownMemberType)
  server/main.py:269:2 - error: Type of "post" is unknown (reportUnknownMemberType)
  server/main.py:269:2 - error: Untyped function decorator obscures type of function; ignoring decorator (reportUntypedFunctionDecorator)
  server/main.py:311:9 - error: Type of "result" is unknown (reportUnknownVariableType)
  server/main.py:311:18 - error: Type of "get_transactions" is unknown (reportUnknownMemberType)
  server/main.py:319:9 - error: Type of "normalized_transactions" is unknown (reportUnknownVariableType)
  server/main.py:319:35 - error: Type of "normalize_transactions" is unknown (reportUnknownMemberType)
  server/main.py:320:13 - error: Type of "get" is unknown (reportUnknownMemberType)
  server/main.py:327:56 - error: Argument type is unknown
    Argument corresponds to parameter "obj" in function "len" (reportUnknownArgumentType)
  server/main.py:328:47 - error: Type of "get" is unknown (reportUnknownMemberType)
  server/main.py:328:47 - error: Argument type is unknown
    Argument corresponds to parameter "obj" in function "len" (reportUnknownArgumentType)
  server/main.py:336:16 - error: Type of "tx" is unknown (reportUnknownVariableType)
  server/main.py:336:32 - error: Argument type is unknown
    Argument corresponds to parameter "iterable" in function "__new__" (reportUnknownArgumentType)
  server/main.py:338:34 - error: Type of "transaction_id" is unknown (reportUnknownMemberType)
  server/main.py:339:36 - error: Type of "date" is unknown (reportUnknownMemberType)
  server/main.py:340:36 - error: Type of "name" is unknown (reportUnknownMemberType)
  server/main.py:341:39 - error: Type of "amount" is unknown (reportUnknownMemberType)
  server/main.py:341:55 - error: Type of "iso_currency_code" is unknown (reportUnknownMemberType)
  server/main.py:344:30 - error: Type of "category" is unknown (reportUnknownMemberType)
  server/main.py:344:30 - error: Argument type is unknown
    Argument corresponds to parameter "iterable" in function "join" (reportUnknownArgumentType)
  server/main.py:344:46 - error: Type of "category" is unknown (reportUnknownMemberType)
  server/main.py:346:39 - error: Type of "pending" is unknown (reportUnknownMemberType)
  server/main.py:348:16 - error: Argument type is unknown
    Argument corresponds to parameter "obj" in function "len" (reportUnknownArgumentType)
  server/main.py:350:32 - error: Argument type is unknown
    Argument corresponds to parameter "obj" in function "len" (reportUnknownArgumentType)
  server/main.py:357:29 - error: Argument type is unknown
    Argument corresponds to parameter "obj" in function "len" (reportUnknownArgumentType)
  server/main.py:358:32 - error: Type of "get" is unknown (reportUnknownMemberType)
  server/main.py:358:32 - error: Argument type is unknown
    Argument corresponds to parameter "obj" in function "len" (reportUnknownArgumentType)
  server/main.py:359:24 - error: Type of "get" is unknown (reportUnknownMemberType)
server/plaid_adapter.py
  server/plaid_adapter.py:7:8 - error: Import "plaid" could not be resolved (reportMissingImports)
  server/plaid_adapter.py:8:6 - error: Import "plaid.api" could not be resolved (reportMissingImports)
  server/plaid_adapter.py:8:23 - error: Type of "plaid_api" is unknown (reportUnknownVariableType)
  server/plaid_adapter.py:9:6 - error: Import "plaid.model.transactions_get_request" could not be resolved (reportMissingImports)
  server/plaid_adapter.py:9:50 - error: Type of "TransactionsGetRequest" is unknown (reportUnknownVariableType)
  server/plaid_adapter.py:10:6 - error: Import "plaid.model.transactions_get_request_options" could not be resolved (reportMissingImports)
  server/plaid_adapter.py:10:58 - error: Type of "TransactionsGetRequestOptions" is unknown (reportUnknownVariableType)
  server/plaid_adapter.py:11:6 - error: Import "pydantic" could not be resolved (reportMissingImports)
  server/plaid_adapter.py:11:22 - error: Type of "BaseModel" is unknown (reportUnknownVariableType)
  server/plaid_adapter.py:16:29 - error: Base class type is unknown, obscuring type of derived class (reportUntypedBaseClass)
  server/plaid_adapter.py:53:9 - error: Type of "env_map" is partially unknown
    Type of "env_map" is "dict[str, Unknown]" (reportUnknownVariableType)
  server/plaid_adapter.py:54:24 - error: Type of "Environment" is unknown (reportUnknownMemberType)
  server/plaid_adapter.py:54:24 - error: Type of "Sandbox" is unknown (reportUnknownMemberType)
  server/plaid_adapter.py:55:27 - error: Type of "Environment" is unknown (reportUnknownMemberType)
  server/plaid_adapter.py:55:27 - error: Type of "Production" is unknown (reportUnknownMemberType)
  server/plaid_adapter.py:61:46 - error: Argument type is partially unknown
    Argument corresponds to parameter "iterable" in function "join"
    Argument type is "dict_keys[str, Unknown]" (reportUnknownArgumentType)
  server/plaid_adapter.py:65:9 - error: Type of "configuration" is unknown (reportUnknownVariableType)
  server/plaid_adapter.py:65:25 - error: Type of "Configuration" is unknown (reportUnknownMemberType)
  server/plaid_adapter.py:74:9 - error: Type of "api_client" is unknown (reportUnknownVariableType)
  server/plaid_adapter.py:74:22 - error: Type of "ApiClient" is unknown (reportUnknownMemberType)
  server/plaid_adapter.py:75:9 - error: Type of "client" is unknown (reportUnknownMemberType)
  server/plaid_adapter.py:75:23 - error: Type of "PlaidApi" is unknown (reportUnknownMemberType)
  server/plaid_adapter.py:116:17 - error: Type of "options" is unknown (reportUnknownVariableType)
  server/plaid_adapter.py:119:13 - error: Type of "request" is unknown (reportUnknownVariableType)
  server/plaid_adapter.py:127:13 - error: Type of "response" is unknown (reportUnknownVariableType)
  server/plaid_adapter.py:127:24 - error: Type of "client" is unknown (reportUnknownMemberType)
  server/plaid_adapter.py:127:24 - error: Type of "transactions_get" is unknown (reportUnknownMemberType)
  server/plaid_adapter.py:130:13 - error: Type of "response_dict" is unknown (reportUnknownVariableType)
  server/plaid_adapter.py:130:29 - error: Type of "to_dict" is unknown (reportUnknownMemberType)
  server/plaid_adapter.py:134:24 - error: Argument type is unknown
    Argument corresponds to parameter "obj" in function "len" (reportUnknownArgumentType)
  server/plaid_adapter.py:139:29 - error: Type of "get" is unknown (reportUnknownMemberType)
  server/plaid_adapter.py:140:33 - error: Type of "get" is unknown (reportUnknownMemberType)
  server/plaid_adapter.py:141:39 - error: Type of "get" is unknown (reportUnknownMemberType)
  server/plaid_adapter.py:144:31 - error: Type of "get" is unknown (reportUnknownMemberType)
  server/plaid_adapter.py:147:16 - error: Type of "ApiException" is unknown (reportUnknownMemberType)
  server/plaid_adapter.py:147:38 - error: Type of "e" is unknown (reportUnknownVariableType)
  server/plaid_adapter.py:149:13 - error: Type of "error_response" is partially unknown
    Type of "error_response" is "Unknown | str" (reportUnknownVariableType)
  server/plaid_adapter.py:149:30 - error: Type of "body" is unknown (reportUnknownMemberType)
  server/plaid_adapter.py:149:48 - error: Argument type is unknown
    Argument corresponds to parameter "obj" in function "hasattr" (reportUnknownArgumentType)
  server/plaid_adapter.py:149:68 - error: Argument type is unknown
    Argument corresponds to parameter "object" in function "__new__" (reportUnknownArgumentType)
  server/plaid_adapter.py:168:13 - error: Type of "tx" is partially unknown
    Type of "tx" is "dict[Unknown, Unknown]" (reportUnknownVariableType)
  server/plaid_adapter.py:177:28 - error: Type of "get" is partially unknown
    Type of "get" is "Overload[(key: Unknown, default: None = None, /) -> (Unknown | None), (key: Unknown, default: Unknown, /) -> Unknown, (key: Unknown, default: _T@get, /) -> (Unknown | _T@get)] | Any" (reportUnknownMemberType)
  server/plaid_adapter.py:178:24 - error: Type of "get" is partially unknown
    Type of "get" is "Overload[(key: Unknown, default: None = None, /) -> (Unknown | None), (key: Unknown, default: Unknown, /) -> Unknown, (key: Unknown, default: _T@get, /) -> (Unknown | _T@get)] | Any" (reportUnknownMemberType)
  server/plaid_adapter.py:179:26 - error: Type of "get" is partially unknown
    Type of "get" is "Overload[(key: Unknown, default: None = None, /) -> (Unknown | None), (key: Unknown, default: Unknown, /) -> Unknown, (key: Unknown, default: _T@get, /) -> (Unknown | _T@get)] | Any" (reportUnknownMemberType)
  server/plaid_adapter.py:179:26 - error: Argument type is partially unknown
    Argument corresponds to parameter "x" in function "__new__"
    Argument type is "Unknown | Any" (reportUnknownArgumentType)
  server/plaid_adapter.py:180:18 - error: Type of "get" is partially unknown
    Type of "get" is "Overload[(key: Unknown, default: None = None, /) -> (Unknown | None), (key: Unknown, default: Unknown, /) -> Unknown, (key: Unknown, default: _T@get, /) -> (Unknown | _T@get)] | Any" (reportUnknownMemberType)
  server/plaid_adapter.py:181:18 - error: Type of "get" is partially unknown
    Type of "get" is "Overload[(key: Unknown, default: None = None, /) -> (Unknown | None), (key: Unknown, default: Unknown, /) -> Unknown, (key: Unknown, default: _T@get, /) -> (Unknown | _T@get)] | Any" (reportUnknownMemberType)
  server/plaid_adapter.py:182:27 - error: Type of "get" is partially unknown
    Type of "get" is "Overload[(key: Unknown, default: None = None, /) -> (Unknown | None), (key: Unknown, default: Unknown, /) -> Unknown, (key: Unknown, default: _T@get, /) -> (Unknown | _T@get)] | Any" (reportUnknownMemberType)
  server/plaid_adapter.py:183:22 - error: Type of "get" is partially unknown
    Type of "get" is "Overload[(key: Unknown, default: None = None, /) -> (Unknown | None), (key: Unknown, default: Unknown, /) -> Unknown, (key: Unknown, default: _T@get, /) -> (Unknown | _T@get)] | Any" (reportUnknownMemberType)
  server/plaid_adapter.py:184:21 - error: Type of "get" is partially unknown
    Type of "get" is "Overload[(key: Unknown, default: None = None, /) -> (Unknown | None), (key: Unknown, default: Unknown, /) -> Unknown, (key: Unknown, default: _T@get, /) -> (Unknown | _T@get)] | Any" (reportUnknownMemberType)
  server/plaid_adapter.py:185:29 - error: Type of "get" is partially unknown
    Type of "get" is "Overload[(key: Unknown, default: None = None, /) -> (Unknown | None), (key: Unknown, default: Unknown, /) -> Unknown, (key: Unknown, default: _T@get, /) -> (Unknown | _T@get)] | Any" (reportUnknownMemberType)
  server/plaid_adapter.py:186:31 - error: Type of "get" is partially unknown
    Type of "get" is "Overload[(key: Unknown, default: None = None, /) -> (Unknown | None), (key: Unknown, default: Unknown, /) -> Unknown, (key: Unknown, default: _T@get, /) -> (Unknown | _T@get)] | Any" (reportUnknownMemberType)
  server/plaid_adapter.py:204:17 - error: Type of "append" is partially unknown
    Type of "append" is "(object: Unknown, /) -> None" (reportUnknownMemberType)
  server/plaid_adapter.py:209:52 - error: Argument type is partially unknown
    Argument corresponds to parameter "obj" in function "len"
    Argument type is "list[Unknown]" (reportUnknownArgumentType)
  server/plaid_adapter.py:210:16 - error: Return type, "list[Unknown]", is partially unknown (reportUnknownVariableType)
server/tests/conftest.py
  server/tests/conftest.py:3:8 - error: Import "pytest" could not be resolved (reportMissingImports)
  server/tests/conftest.py:4:6 - error: Import "httpx" could not be resolved (reportMissingImports)
  server/tests/conftest.py:4:19 - error: Type of "ASGITransport" is unknown (reportUnknownVariableType)
  server/tests/conftest.py:4:34 - error: Type of "AsyncClient" is unknown (reportUnknownVariableType)
  server/tests/conftest.py:6:6 - error: Import "main" could not be resolved (reportMissingImports)
  server/tests/conftest.py:6:18 - error: Type of "app" is unknown (reportUnknownVariableType)
  server/tests/conftest.py:9:2 - error: Type of "fixture" is unknown (reportUnknownMemberType)
  server/tests/conftest.py:9:2 - error: Untyped function decorator obscures type of function; ignoring decorator (reportUntypedFunctionDecorator)
  server/tests/conftest.py:10:11 - error: Return type, "Generator[Unknown, Any, None]", is partially unknown (reportUnknownParameterType)
  server/tests/conftest.py:14:10 - error: Type of "ac" is unknown (reportUnknownVariableType)
server/tests/test_error_handling.py
  server/tests/test_error_handling.py:3:8 - error: Import "pytest" could not be resolved (reportMissingImports)
  server/tests/test_error_handling.py:6:2 - error: Type of "mark" is unknown (reportUnknownMemberType)
  server/tests/test_error_handling.py:6:2 - error: Type of "asyncio" is unknown (reportUnknownMemberType)
  server/tests/test_error_handling.py:6:2 - error: Untyped function decorator obscures type of function; ignoring decorator (reportUntypedFunctionDecorator)
  server/tests/test_error_handling.py:7:54 - error: Type of parameter "client" is unknown (reportUnknownParameterType)
  server/tests/test_error_handling.py:7:54 - error: Type annotation is missing for parameter "client" (reportMissingParameterType)
  server/tests/test_error_handling.py:9:5 - error: Type of "response" is unknown (reportUnknownVariableType)
  server/tests/test_error_handling.py:9:22 - error: Type of "get" is unknown (reportUnknownMemberType)
  server/tests/test_error_handling.py:10:12 - error: Type of "status_code" is unknown (reportUnknownMemberType)
  server/tests/test_error_handling.py:13:2 - error: Type of "mark" is unknown (reportUnknownMemberType)
  server/tests/test_error_handling.py:13:2 - error: Type of "asyncio" is unknown (reportUnknownMemberType)
  server/tests/test_error_handling.py:13:2 - error: Untyped function decorator obscures type of function; ignoring decorator (reportUntypedFunctionDecorator)
  server/tests/test_error_handling.py:14:52 - error: Type of parameter "client" is unknown (reportUnknownParameterType)
  server/tests/test_error_handling.py:14:52 - error: Type annotation is missing for parameter "client" (reportMissingParameterType)
  server/tests/test_error_handling.py:16:5 - error: Type of "response" is unknown (reportUnknownVariableType)
  server/tests/test_error_handling.py:16:22 - error: Type of "get" is unknown (reportUnknownMemberType)
  server/tests/test_error_handling.py:20:12 - error: Type of "status_code" is unknown (reportUnknownMemberType)
  server/tests/test_error_handling.py:21:23 - error: Type of "json" is unknown (reportUnknownMemberType)
  server/tests/test_error_handling.py:21:23 - error: Type of "lower" is unknown (reportUnknownMemberType)
  server/tests/test_error_handling.py:24:2 - error: Type of "mark" is unknown (reportUnknownMemberType)
  server/tests/test_error_handling.py:24:2 - error: Type of "asyncio" is unknown (reportUnknownMemberType)
  server/tests/test_error_handling.py:24:2 - error: Untyped function decorator obscures type of function; ignoring decorator (reportUntypedFunctionDecorator)
  server/tests/test_error_handling.py:25:52 - error: Type of parameter "client" is unknown (reportUnknownParameterType)
  server/tests/test_error_handling.py:25:52 - error: Type annotation is missing for parameter "client" (reportMissingParameterType)
  server/tests/test_error_handling.py:27:5 - error: Type of "response" is unknown (reportUnknownVariableType)
  server/tests/test_error_handling.py:27:22 - error: Type of "get" is unknown (reportUnknownMemberType)
  server/tests/test_error_handling.py:32:12 - error: Type of "status_code" is unknown (reportUnknownMemberType)
  server/tests/test_error_handling.py:33:28 - error: Type of "json" is unknown (reportUnknownMemberType)
  server/tests/test_error_handling.py:36:2 - error: Type of "mark" is unknown (reportUnknownMemberType)
  server/tests/test_error_handling.py:36:2 - error: Type of "asyncio" is unknown (reportUnknownMemberType)
  server/tests/test_error_handling.py:36:2 - error: Untyped function decorator obscures type of function; ignoring decorator (reportUntypedFunctionDecorator)
  server/tests/test_error_handling.py:37:50 - error: Type of parameter "client" is unknown (reportUnknownParameterType)
  server/tests/test_error_handling.py:37:50 - error: Type annotation is missing for parameter "client" (reportMissingParameterType)
  server/tests/test_error_handling.py:39:5 - error: Type of "response" is unknown (reportUnknownVariableType)
  server/tests/test_error_handling.py:39:22 - error: Type of "get" is unknown (reportUnknownMemberType)
  server/tests/test_error_handling.py:44:12 - error: Type of "status_code" is unknown (reportUnknownMemberType)
  server/tests/test_error_handling.py:45:26 - error: Type of "json" is unknown (reportUnknownMemberType)
  server/tests/test_error_handling.py:48:2 - error: Type of "mark" is unknown (reportUnknownMemberType)
  server/tests/test_error_handling.py:48:2 - error: Type of "asyncio" is unknown (reportUnknownMemberType)
  server/tests/test_error_handling.py:48:2 - error: Untyped function decorator obscures type of function; ignoring decorator (reportUntypedFunctionDecorator)
  server/tests/test_error_handling.py:49:54 - error: Type of parameter "client" is unknown (reportUnknownParameterType)
  server/tests/test_error_handling.py:49:54 - error: Type annotation is missing for parameter "client" (reportMissingParameterType)
  server/tests/test_error_handling.py:51:5 - error: Type of "response" is unknown (reportUnknownVariableType)
  server/tests/test_error_handling.py:51:22 - error: Type of "get" is unknown (reportUnknownMemberType)
  server/tests/test_error_handling.py:55:12 - error: Type of "status_code" is unknown (reportUnknownMemberType)
  server/tests/test_error_handling.py:56:32 - error: Type of "json" is unknown (reportUnknownMemberType)
  server/tests/test_error_handling.py:56:32 - error: Type of "lower" is unknown (reportUnknownMemberType)
  server/tests/test_error_handling.py:59:2 - error: Type of "mark" is unknown (reportUnknownMemberType)
  server/tests/test_error_handling.py:59:2 - error: Type of "asyncio" is unknown (reportUnknownMemberType)
  server/tests/test_error_handling.py:59:2 - error: Untyped function decorator obscures type of function; ignoring decorator (reportUntypedFunctionDecorator)
  server/tests/test_error_handling.py:60:53 - error: Type of parameter "client" is unknown (reportUnknownParameterType)
  server/tests/test_error_handling.py:60:53 - error: Type annotation is missing for parameter "client" (reportMissingParameterType)
  server/tests/test_error_handling.py:62:5 - error: Type of "response" is unknown (reportUnknownVariableType)
  server/tests/test_error_handling.py:62:22 - error: Type of "post" is unknown (reportUnknownMemberType)
  server/tests/test_error_handling.py:63:12 - error: Type of "status_code" is unknown (reportUnknownMemberType)
  server/tests/test_error_handling.py:66:2 - error: Type of "mark" is unknown (reportUnknownMemberType)
  server/tests/test_error_handling.py:66:2 - error: Type of "asyncio" is unknown (reportUnknownMemberType)
  server/tests/test_error_handling.py:66:2 - error: Untyped function decorator obscures type of function; ignoring decorator (reportUntypedFunctionDecorator)
  server/tests/test_error_handling.py:67:59 - error: Type of parameter "client" is unknown (reportUnknownParameterType)
  server/tests/test_error_handling.py:67:59 - error: Type annotation is missing for parameter "client" (reportMissingParameterType)
  server/tests/test_error_handling.py:69:5 - error: Type of "response" is unknown (reportUnknownVariableType)
  server/tests/test_error_handling.py:69:22 - error: Type of "post" is unknown (reportUnknownMemberType)
  server/tests/test_error_handling.py:73:12 - error: Type of "status_code" is unknown (reportUnknownMemberType)
  server/tests/test_error_handling.py:74:23 - error: Type of "json" is unknown (reportUnknownMemberType)
  server/tests/test_error_handling.py:74:23 - error: Type of "lower" is unknown (reportUnknownMemberType)
  server/tests/test_error_handling.py:77:2 - error: Type of "mark" is unknown (reportUnknownMemberType)
  server/tests/test_error_handling.py:77:2 - error: Type of "asyncio" is unknown (reportUnknownMemberType)
  server/tests/test_error_handling.py:77:2 - error: Untyped function decorator obscures type of function; ignoring decorator (reportUntypedFunctionDecorator)
  server/tests/test_error_handling.py:78:61 - error: Type of parameter "client" is unknown (reportUnknownParameterType)
  server/tests/test_error_handling.py:78:61 - error: Type annotation is missing for parameter "client" (reportMissingParameterType)
  server/tests/test_error_handling.py:80:5 - error: Type of "response" is unknown (reportUnknownVariableType)
  server/tests/test_error_handling.py:80:22 - error: Type of "post" is unknown (reportUnknownMemberType)
  server/tests/test_error_handling.py:84:12 - error: Type of "status_code" is unknown (reportUnknownMemberType)
  server/tests/test_error_handling.py:85:32 - error: Type of "json" is unknown (reportUnknownMemberType)
  server/tests/test_error_handling.py:85:32 - error: Type of "lower" is unknown (reportUnknownMemberType)
  server/tests/test_error_handling.py:88:2 - error: Type of "mark" is unknown (reportUnknownMemberType)
  server/tests/test_error_handling.py:88:2 - error: Type of "asyncio" is unknown (reportUnknownMemberType)
  server/tests/test_error_handling.py:88:2 - error: Untyped function decorator obscures type of function; ignoring decorator (reportUntypedFunctionDecorator)
  server/tests/test_error_handling.py:89:35 - error: Type of parameter "client" is unknown (reportUnknownParameterType)
  server/tests/test_error_handling.py:89:35 - error: Type annotation is missing for parameter "client" (reportMissingParameterType)
  server/tests/test_error_handling.py:91:5 - error: Type of "response" is unknown (reportUnknownVariableType)
  server/tests/test_error_handling.py:91:22 - error: Type of "get" is unknown (reportUnknownMemberType)
  server/tests/test_error_handling.py:92:12 - error: Type of "status_code" is unknown (reportUnknownMemberType)
server/tests/test_health.py
  server/tests/test_health.py:3:8 - error: Import "pytest" could not be resolved (reportMissingImports)
  server/tests/test_health.py:6:2 - error: Type of "mark" is unknown (reportUnknownMemberType)
  server/tests/test_health.py:6:2 - error: Type of "asyncio" is unknown (reportUnknownMemberType)
  server/tests/test_health.py:6:2 - error: Untyped function decorator obscures type of function; ignoring decorator (reportUntypedFunctionDecorator)
  server/tests/test_health.py:7:30 - error: Type of parameter "client" is unknown (reportUnknownParameterType)
  server/tests/test_health.py:7:30 - error: Type annotation is missing for parameter "client" (reportMissingParameterType)
  server/tests/test_health.py:9:5 - error: Type of "response" is unknown (reportUnknownVariableType)
  server/tests/test_health.py:9:22 - error: Type of "get" is unknown (reportUnknownMemberType)
  server/tests/test_health.py:10:12 - error: Type of "status_code" is unknown (reportUnknownMemberType)
  server/tests/test_health.py:11:12 - error: Type of "json" is unknown (reportUnknownMemberType)
  server/tests/test_health.py:14:2 - error: Type of "mark" is unknown (reportUnknownMemberType)
  server/tests/test_health.py:14:2 - error: Type of "asyncio" is unknown (reportUnknownMemberType)
  server/tests/test_health.py:14:2 - error: Untyped function decorator obscures type of function; ignoring decorator (reportUntypedFunctionDecorator)
  server/tests/test_health.py:15:44 - error: Type of parameter "client" is unknown (reportUnknownParameterType)
  server/tests/test_health.py:15:44 - error: Type annotation is missing for parameter "client" (reportMissingParameterType)
  server/tests/test_health.py:17:5 - error: Type of "response" is unknown (reportUnknownVariableType)
  server/tests/test_health.py:17:22 - error: Type of "get" is unknown (reportUnknownMemberType)
  server/tests/test_health.py:18:12 - error: Type of "status_code" is unknown (reportUnknownMemberType)
  server/tests/test_health.py:21:2 - error: Type of "mark" is unknown (reportUnknownMemberType)
  server/tests/test_health.py:21:2 - error: Type of "asyncio" is unknown (reportUnknownMemberType)
  server/tests/test_health.py:21:2 - error: Untyped function decorator obscures type of function; ignoring decorator (reportUntypedFunctionDecorator)
  server/tests/test_health.py:22:39 - error: Type of parameter "client" is unknown (reportUnknownParameterType)
  server/tests/test_health.py:22:39 - error: Type annotation is missing for parameter "client" (reportMissingParameterType)
  server/tests/test_health.py:24:5 - error: Type of "response" is unknown (reportUnknownVariableType)
  server/tests/test_health.py:24:22 - error: Type of "get" is unknown (reportUnknownMemberType)
  server/tests/test_health.py:25:5 - error: Type of "body" is unknown (reportUnknownVariableType)
  server/tests/test_health.py:25:12 - error: Type of "json" is unknown (reportUnknownMemberType)
  server/tests/test_health.py:31:2 - error: Type of "mark" is unknown (reportUnknownMemberType)
  server/tests/test_health.py:31:2 - error: Type of "asyncio" is unknown (reportUnknownMemberType)
  server/tests/test_health.py:31:2 - error: Untyped function decorator obscures type of function; ignoring decorator (reportUntypedFunctionDecorator)
  server/tests/test_health.py:32:45 - error: Type of parameter "client" is unknown (reportUnknownParameterType)
  server/tests/test_health.py:32:45 - error: Type annotation is missing for parameter "client" (reportMissingParameterType)
  server/tests/test_health.py:34:5 - error: Type of "response" is unknown (reportUnknownVariableType)
  server/tests/test_health.py:34:22 - error: Type of "get" is unknown (reportUnknownMemberType)
  server/tests/test_health.py:35:12 - error: Type of "json" is unknown (reportUnknownMemberType)
  server/tests/test_health.py:38:2 - error: Type of "mark" is unknown (reportUnknownMemberType)
  server/tests/test_health.py:38:2 - error: Type of "asyncio" is unknown (reportUnknownMemberType)
  server/tests/test_health.py:38:2 - error: Untyped function decorator obscures type of function; ignoring decorator (reportUntypedFunctionDecorator)
  server/tests/test_health.py:39:53 - error: Type of parameter "client" is unknown (reportUnknownParameterType)
  server/tests/test_health.py:39:53 - error: Type annotation is missing for parameter "client" (reportMissingParameterType)
  server/tests/test_health.py:41:5 - error: Type of "response" is unknown (reportUnknownVariableType)
  server/tests/test_health.py:41:22 - error: Type of "get" is unknown (reportUnknownMemberType)
  server/tests/test_health.py:44:12 - error: Type of "json" is unknown (reportUnknownMemberType)
server/tests/test_plaid_adapter.py
  server/tests/test_plaid_adapter.py:3:8 - error: Import "pytest" could not be resolved (reportMissingImports)
  server/tests/test_plaid_adapter.py:5:6 - error: Import "plaid_adapter" could not be resolved (reportMissingImports)
  server/tests/test_plaid_adapter.py:5:27 - error: Type of "NormalizedTransaction" is unknown (reportUnknownVariableType)
  server/tests/test_plaid_adapter.py:5:50 - error: Type of "PlaidAdapter" is unknown (reportUnknownVariableType)
  server/tests/test_plaid_adapter.py:13:9 - error: Type of "tx" is unknown (reportUnknownVariableType)
  server/tests/test_plaid_adapter.py:21:16 - error: Type of "transaction_id" is unknown (reportUnknownMemberType)
  server/tests/test_plaid_adapter.py:22:16 - error: Type of "account_id" is unknown (reportUnknownMemberType)
  server/tests/test_plaid_adapter.py:23:16 - error: Type of "amount" is unknown (reportUnknownMemberType)
  server/tests/test_plaid_adapter.py:24:16 - error: Type of "date" is unknown (reportUnknownMemberType)
  server/tests/test_plaid_adapter.py:25:16 - error: Type of "name" is unknown (reportUnknownMemberType)
  server/tests/test_plaid_adapter.py:26:16 - error: Type of "pending" is unknown (reportUnknownMemberType)
  server/tests/test_plaid_adapter.py:30:9 - error: Type of "tx" is unknown (reportUnknownVariableType)
  server/tests/test_plaid_adapter.py:38:16 - error: Type of "merchant_name" is unknown (reportUnknownMemberType)
  server/tests/test_plaid_adapter.py:39:16 - error: Type of "category" is unknown (reportUnknownMemberType)
  server/tests/test_plaid_adapter.py:40:16 - error: Type of "payment_channel" is unknown (reportUnknownMemberType)
  server/tests/test_plaid_adapter.py:41:16 - error: Type of "iso_currency_code" is unknown (reportUnknownMemberType)
  server/tests/test_plaid_adapter.py:45:9 - error: Type of "tx" is unknown (reportUnknownVariableType)
  server/tests/test_plaid_adapter.py:57:16 - error: Type of "merchant_name" is unknown (reportUnknownMemberType)
  server/tests/test_plaid_adapter.py:58:16 - error: Type of "category" is unknown (reportUnknownMemberType)
  server/tests/test_plaid_adapter.py:59:16 - error: Type of "payment_channel" is unknown (reportUnknownMemberType)
  server/tests/test_plaid_adapter.py:60:16 - error: Type of "iso_currency_code" is unknown (reportUnknownMemberType)
  server/tests/test_plaid_adapter.py:66:6 - error: Type of "fixture" is unknown (reportUnknownMemberType)
  server/tests/test_plaid_adapter.py:66:6 - error: Untyped function decorator obscures type of function; ignoring decorator (reportUntypedFunctionDecorator)
  server/tests/test_plaid_adapter.py:67:9 - error: Return type is unknown (reportUnknownParameterType)
  server/tests/test_plaid_adapter.py:67:23 - error: Type of parameter "monkeypatch" is unknown (reportUnknownParameterType)
  server/tests/test_plaid_adapter.py:67:23 - error: Type annotation is missing for parameter "monkeypatch" (reportMissingParameterType)
  server/tests/test_plaid_adapter.py:69:9 - error: Type of "setattr" is unknown (reportUnknownMemberType)
  server/tests/test_plaid_adapter.py:70:53 - error: Type of parameter "config" is unknown (reportUnknownLambdaType)
  server/tests/test_plaid_adapter.py:72:9 - error: Type of "setattr" is unknown (reportUnknownMemberType)
  server/tests/test_plaid_adapter.py:73:56 - error: Type of parameter "client" is unknown (reportUnknownLambdaType)
  server/tests/test_plaid_adapter.py:75:16 - error: Return type is unknown (reportUnknownVariableType)
  server/tests/test_plaid_adapter.py:81:52 - error: Type of parameter "adapter" is unknown (reportUnknownParameterType)
  server/tests/test_plaid_adapter.py:81:52 - error: Type annotation is missing for parameter "adapter" (reportMissingParameterType)
  server/tests/test_plaid_adapter.py:91:9 - error: Type of "tx" is unknown (reportUnknownVariableType)
  server/tests/test_plaid_adapter.py:91:14 - error: Type of "normalize_transaction" is unknown (reportUnknownMemberType)
  server/tests/test_plaid_adapter.py:92:16 - error: Type of "transaction_id" is unknown (reportUnknownMemberType)
  server/tests/test_plaid_adapter.py:93:16 - error: Type of "amount" is unknown (reportUnknownMemberType)
  server/tests/test_plaid_adapter.py:94:16 - error: Type of "pending" is unknown (reportUnknownMemberType)
  server/tests/test_plaid_adapter.py:96:66 - error: Type of parameter "adapter" is unknown (reportUnknownParameterType)
  server/tests/test_plaid_adapter.py:96:66 - error: Type annotation is missing for parameter "adapter" (reportMissingParameterType)
  server/tests/test_plaid_adapter.py:106:9 - error: Type of "tx" is unknown (reportUnknownVariableType)
  server/tests/test_plaid_adapter.py:106:14 - error: Type of "normalize_transaction" is unknown (reportUnknownMemberType)
  server/tests/test_plaid_adapter.py:107:16 - error: Type of "merchant_name" is unknown (reportUnknownMemberType)
  server/tests/test_plaid_adapter.py:108:16 - error: Type of "category" is unknown (reportUnknownMemberType)
  server/tests/test_plaid_adapter.py:110:57 - error: Type of parameter "adapter" is unknown (reportUnknownParameterType)
  server/tests/test_plaid_adapter.py:110:57 - error: Type annotation is missing for parameter "adapter" (reportMissingParameterType)
  server/tests/test_plaid_adapter.py:110:66 - error: Type of parameter "caplog" is unknown (reportUnknownParameterType)
  server/tests/test_plaid_adapter.py:110:66 - error: Type annotation is missing for parameter "caplog" (reportMissingParameterType)
  server/tests/test_plaid_adapter.py:126:14 - error: Type of "at_level" is unknown (reportUnknownMemberType)
  server/tests/test_plaid_adapter.py:127:13 - error: Type of "results" is unknown (reportUnknownVariableType)
  server/tests/test_plaid_adapter.py:127:23 - error: Type of "normalize_transactions" is unknown (reportUnknownMemberType)
  server/tests/test_plaid_adapter.py:129:20 - error: Argument type is unknown
    Argument corresponds to parameter "obj" in function "len" (reportUnknownArgumentType)
  server/tests/test_plaid_adapter.py:130:16 - error: Type of "transaction_id" is unknown (reportUnknownMemberType)
  server/tests/test_plaid_adapter.py:132:47 - error: Type of parameter "monkeypatch" is unknown (reportUnknownParameterType)
  server/tests/test_plaid_adapter.py:132:47 - error: Type annotation is missing for parameter "monkeypatch" (reportMissingParameterType)
  server/tests/test_plaid_adapter.py:134:14 - error: Type of "raises" is unknown (reportUnknownMemberType)
312 errors, 0 warnings, 0 informations 

