Results of cspell linter (version 9.1.1)
See documentation on https://megalinter.io/8.8.0/descriptors/spell_cspell/
-----------------------------------------------

❌ [ERROR] .dockerignore
    Configuration Error: Failed to read config file: "config/.cspell.config.mjs"
    -------------------------------------------
    CSpell: Files checked: 0, Issues found: 0 in 0 files with 1 error.

❌ [ERROR] .editorconfig
    Configuration Error: Failed to read config file: "config/.cspell.config.mjs"
    -------------------------------------------
    CSpell: Files checked: 0, Issues found: 0 in 0 files with 1 error.

❌ [ERROR] .github/linters/.gitkeep
    Configuration Error: Failed to read config file: "config/.cspell.config.mjs"
    -------------------------------------------
    CSpell: Files checked: 0, Issues found: 0 in 0 files with 1 error.

❌ [ERROR] .github/workflows/megalinter.yml
    Configuration Error: Failed to read config file: "config/.cspell.config.mjs"
    -------------------------------------------
    CSpell: Files checked: 0, Issues found: 0 in 0 files with 1 error.

❌ [ERROR] .github/workflows/pages.yml
    Configuration Error: Failed to read config file: "config/.cspell.config.mjs"
    -------------------------------------------
    CSpell: Files checked: 0, Issues found: 0 in 0 files with 1 error.

❌ [ERROR] .gitignore
    Configuration Error: Failed to read config file: "config/.cspell.config.mjs"
    -------------------------------------------
    CSpell: Files checked: 0, Issues found: 0 in 0 files with 1 error.

❌ [ERROR] .megalinter.yml
    Configuration Error: Failed to read config file: "config/.cspell.config.mjs"
    -------------------------------------------
    CSpell: Files checked: 0, Issues found: 0 in 0 files with 1 error.

❌ [ERROR] .pre-commit-config.yaml
    Configuration Error: Failed to read config file: "config/.cspell.config.mjs"
    -------------------------------------------
    CSpell: Files checked: 0, Issues found: 0 in 0 files with 1 error.

❌ [ERROR] .prettierignore
    Configuration Error: Failed to read config file: "config/.cspell.config.mjs"
    -------------------------------------------
    CSpell: Files checked: 0, Issues found: 0 in 0 files with 1 error.

❌ [ERROR] .releaserc.yml
    Configuration Error: Failed to read config file: "config/.cspell.config.mjs"
    -------------------------------------------
    CSpell: Files checked: 0, Issues found: 0 in 0 files with 1 error.

❌ [ERROR] .secrets.baseline
    Configuration Error: Failed to read config file: "config/.cspell.config.mjs"
    -------------------------------------------
    CSpell: Files checked: 0, Issues found: 0 in 0 files with 1 error.

❌ [ERROR] LICENSE
    Configuration Error: Failed to read config file: "config/.cspell.config.mjs"
    -------------------------------------------
    CSpell: Files checked: 0, Issues found: 0 in 0 files with 1 error.

❌ [ERROR] config/.ansible-lint
    Configuration Error: Failed to read config file: "config/.cspell.config.mjs"
    -------------------------------------------
    CSpell: Files checked: 0, Issues found: 0 in 0 files with 1 error.

❌ [ERROR] config/.arm-ttk.psd1
    Configuration Error: Failed to read config file: "config/.cspell.config.mjs"
    -------------------------------------------
    CSpell: Files checked: 0, Issues found: 0 in 0 files with 1 error.

❌ [ERROR] config/.bandit.yml
    Configuration Error: Failed to read config file: "config/.cspell.config.mjs"
    -------------------------------------------
    CSpell: Files checked: 0, Issues found: 0 in 0 files with 1 error.

❌ [ERROR] config/.cfnlintrc.yml
    Configuration Error: Failed to read config file: "config/.cspell.config.mjs"
    -------------------------------------------
    CSpell: Files checked: 0, Issues found: 0 in 0 files with 1 error.

❌ [ERROR] config/.checkmake.ini
    Configuration Error: Failed to read config file: "config/.cspell.config.mjs"
    -------------------------------------------
    CSpell: Files checked: 0, Issues found: 0 in 0 files with 1 error.

❌ [ERROR] config/.checkov.yml
    Configuration Error: Failed to read config file: "config/.cspell.config.mjs"
    -------------------------------------------
    CSpell: Files checked: 0, Issues found: 0 in 0 files with 1 error.

❌ [ERROR] config/.chktexrc
    Configuration Error: Failed to read config file: "config/.cspell.config.mjs"
    -------------------------------------------
    CSpell: Files checked: 0, Issues found: 0 in 0 files with 1 error.

❌ [ERROR] config/.clang-format
    Configuration Error: Failed to read config file: "config/.cspell.config.mjs"
    -------------------------------------------
    CSpell: Files checked: 0, Issues found: 0 in 0 files with 1 error.

❌ [ERROR] config/.clippy.toml
    Configuration Error: Failed to read config file: "config/.cspell.config.mjs"
    -------------------------------------------
    CSpell: Files checked: 0, Issues found: 0 in 0 files with 1 error.

❌ [ERROR] config/.clj-kondo/config.edn
    Configuration Error: Failed to read config file: "config/.cspell.config.mjs"
    -------------------------------------------
    CSpell: Files checked: 0, Issues found: 0 in 0 files with 1 error.

❌ [ERROR] config/.cljstyle
    Configuration Error: Failed to read config file: "config/.cspell.config.mjs"
    -------------------------------------------
    CSpell: Files checked: 0, Issues found: 0 in 0 files with 1 error.

❌ [ERROR] config/.coffee-lint.json
    Configuration Error: Failed to read config file: "config/.cspell.config.mjs"
    -------------------------------------------
    CSpell: Files checked: 0, Issues found: 0 in 0 files with 1 error.

❌ [ERROR] config/.commitlint.config.cjs
    Configuration Error: Failed to read config file: "config/.cspell.config.mjs"
    -------------------------------------------
    CSpell: Files checked: 0, Issues found: 0 in 0 files with 1 error.

❌ [ERROR] config/.cspell.config.mjs
    Configuration Error: Failed to read config file: "config/.cspell.config.mjs"
    -------------------------------------------
    CSpell: Files checked: 0, Issues found: 0 in 0 files with 1 error.

❌ [ERROR] config/.devskim.json
    Configuration Error: Failed to read config file: "config/.cspell.config.mjs"
    -------------------------------------------
    CSpell: Files checked: 0, Issues found: 0 in 0 files with 1 error.

❌ [ERROR] config/.ecrc
    Configuration Error: Failed to read config file: "config/.cspell.config.mjs"
    -------------------------------------------
    CSpell: Files checked: 0, Issues found: 0 in 0 files with 1 error.

❌ [ERROR] config/.editorconfig-checker.json
    Configuration Error: Failed to read config file: "config/.cspell.config.mjs"
    -------------------------------------------
    CSpell: Files checked: 0, Issues found: 0 in 0 files with 1 error.

❌ [ERROR] config/.eslint.config.mjs
    Configuration Error: Failed to read config file: "config/.cspell.config.mjs"
    -------------------------------------------
    CSpell: Files checked: 0, Issues found: 0 in 0 files with 1 error.

❌ [ERROR] config/.eslintrc-json.json
    Configuration Error: Failed to read config file: "config/.cspell.config.mjs"
    -------------------------------------------
    CSpell: Files checked: 0, Issues found: 0 in 0 files with 1 error.

❌ [ERROR] config/.flake8
    Configuration Error: Failed to read config file: "config/.cspell.config.mjs"
    -------------------------------------------
    CSpell: Files checked: 0, Issues found: 0 in 0 files with 1 error.

❌ [ERROR] config/.flow-scanner.json
    Configuration Error: Failed to read config file: "config/.cspell.config.mjs"
    -------------------------------------------
    CSpell: Files checked: 0, Issues found: 0 in 0 files with 1 error.

❌ [ERROR] config/.gherkin-lintrc
    Configuration Error: Failed to read config file: "config/.cspell.config.mjs"
    -------------------------------------------
    CSpell: Files checked: 0, Issues found: 0 in 0 files with 1 error.

❌ [ERROR] config/.gitleaks.toml
    Configuration Error: Failed to read config file: "config/.cspell.config.mjs"
    -------------------------------------------
    CSpell: Files checked: 0, Issues found: 0 in 0 files with 1 error.

❌ [ERROR] config/.golangci.yml
    Configuration Error: Failed to read config file: "config/.cspell.config.mjs"
    -------------------------------------------
    CSpell: Files checked: 0, Issues found: 0 in 0 files with 1 error.

❌ [ERROR] config/.groovylintrc.json
    Configuration Error: Failed to read config file: "config/.cspell.config.mjs"
    -------------------------------------------
    CSpell: Files checked: 0, Issues found: 0 in 0 files with 1 error.

❌ [ERROR] config/.grype.yaml
    Configuration Error: Failed to read config file: "config/.cspell.config.mjs"
    -------------------------------------------
    CSpell: Files checked: 0, Issues found: 0 in 0 files with 1 error.

❌ [ERROR] config/.hadolint.yaml
    Configuration Error: Failed to read config file: "config/.cspell.config.mjs"
    -------------------------------------------
    CSpell: Files checked: 0, Issues found: 0 in 0 files with 1 error.

❌ [ERROR] config/.htmlhintrc
    Configuration Error: Failed to read config file: "config/.cspell.config.mjs"
    -------------------------------------------
    CSpell: Files checked: 0, Issues found: 0 in 0 files with 1 error.

❌ [ERROR] config/.isort.cfg
    Configuration Error: Failed to read config file: "config/.cspell.config.mjs"
    -------------------------------------------
    CSpell: Files checked: 0, Issues found: 0 in 0 files with 1 error.

❌ [ERROR] config/.jscpd.json
    Configuration Error: Failed to read config file: "config/.cspell.config.mjs"
    -------------------------------------------
    CSpell: Files checked: 0, Issues found: 0 in 0 files with 1 error.

❌ [ERROR] config/.jsonlintrc
    Configuration Error: Failed to read config file: "config/.cspell.config.mjs"
    -------------------------------------------
    CSpell: Files checked: 0, Issues found: 0 in 0 files with 1 error.

❌ [ERROR] config/.kics.config.json
    Configuration Error: Failed to read config file: "config/.cspell.config.mjs"
    -------------------------------------------
    CSpell: Files checked: 0, Issues found: 0 in 0 files with 1 error.

❌ [ERROR] config/.lintr
    Configuration Error: Failed to read config file: "config/.cspell.config.mjs"
    -------------------------------------------
    CSpell: Files checked: 0, Issues found: 0 in 0 files with 1 error.

❌ [ERROR] config/.luacheckrc
    Configuration Error: Failed to read config file: "config/.cspell.config.mjs"
    -------------------------------------------
    CSpell: Files checked: 0, Issues found: 0 in 0 files with 1 error.

❌ [ERROR] config/.lycheeignore
    Configuration Error: Failed to read config file: "config/.cspell.config.mjs"
    -------------------------------------------
    CSpell: Files checked: 0, Issues found: 0 in 0 files with 1 error.

❌ [ERROR] config/.markdown-link-check.json
    Configuration Error: Failed to read config file: "config/.cspell.config.mjs"
    -------------------------------------------
    CSpell: Files checked: 0, Issues found: 0 in 0 files with 1 error.

❌ [ERROR] config/.markdownlint.json
    Configuration Error: Failed to read config file: "config/.cspell.config.mjs"
    -------------------------------------------
    CSpell: Files checked: 0, Issues found: 0 in 0 files with 1 error.

❌ [ERROR] config/.mypy.ini
    Configuration Error: Failed to read config file: "config/.cspell.config.mjs"
    -------------------------------------------
    CSpell: Files checked: 0, Issues found: 0 in 0 files with 1 error.

❌ [ERROR] config/.npmpackagejsonlintrc.json
    Configuration Error: Failed to read config file: "config/.cspell.config.mjs"
    -------------------------------------------
    CSpell: Files checked: 0, Issues found: 0 in 0 files with 1 error.

❌ [ERROR] config/.phplint.yml
    Configuration Error: Failed to read config file: "config/.cspell.config.mjs"
    -------------------------------------------
    CSpell: Files checked: 0, Issues found: 0 in 0 files with 1 error.

❌ [ERROR] config/.powershell-formatter.psd1
    Configuration Error: Failed to read config file: "config/.cspell.config.mjs"
    -------------------------------------------
    CSpell: Files checked: 0, Issues found: 0 in 0 files with 1 error.

❌ [ERROR] config/.powershell-psscriptanalyzer.psd1
    Configuration Error: Failed to read config file: "config/.cspell.config.mjs"
    -------------------------------------------
    CSpell: Files checked: 0, Issues found: 0 in 0 files with 1 error.

❌ [ERROR] config/.prettier.config.mjs
    Configuration Error: Failed to read config file: "config/.cspell.config.mjs"
    -------------------------------------------
    CSpell: Files checked: 0, Issues found: 0 in 0 files with 1 error.

❌ [ERROR] config/.proselintrc
    Configuration Error: Failed to read config file: "config/.cspell.config.mjs"
    -------------------------------------------
    CSpell: Files checked: 0, Issues found: 0 in 0 files with 1 error.

❌ [ERROR] config/.protolintrc.yml
    Configuration Error: Failed to read config file: "config/.cspell.config.mjs"
    -------------------------------------------
    CSpell: Files checked: 0, Issues found: 0 in 0 files with 1 error.

❌ [ERROR] config/.puppet-lint.rc
    Configuration Error: Failed to read config file: "config/.cspell.config.mjs"
    -------------------------------------------
    CSpell: Files checked: 0, Issues found: 0 in 0 files with 1 error.

❌ [ERROR] config/.pylintrc
    Configuration Error: Failed to read config file: "config/.cspell.config.mjs"
    -------------------------------------------
    CSpell: Files checked: 0, Issues found: 0 in 0 files with 1 error.

❌ [ERROR] config/.remarkrc.json
    Configuration Error: Failed to read config file: "config/.cspell.config.mjs"
    -------------------------------------------
    CSpell: Files checked: 0, Issues found: 0 in 0 files with 1 error.

❌ [ERROR] config/.revive.toml
    Configuration Error: Failed to read config file: "config/.cspell.config.mjs"
    -------------------------------------------
    CSpell: Files checked: 0, Issues found: 0 in 0 files with 1 error.

❌ [ERROR] config/.rstcheck.cfg
    Configuration Error: Failed to read config file: "config/.cspell.config.mjs"
    -------------------------------------------
    CSpell: Files checked: 0, Issues found: 0 in 0 files with 1 error.

❌ [ERROR] config/.ruby-lint.yml
    Configuration Error: Failed to read config file: "config/.cspell.config.mjs"
    -------------------------------------------
    CSpell: Files checked: 0, Issues found: 0 in 0 files with 1 error.

❌ [ERROR] config/.ruff.toml
    Configuration Error: Failed to read config file: "config/.cspell.config.mjs"
    -------------------------------------------
    CSpell: Files checked: 0, Issues found: 0 in 0 files with 1 error.

❌ [ERROR] config/.scalafix.conf
    Configuration Error: Failed to read config file: "config/.cspell.config.mjs"
    -------------------------------------------
    CSpell: Files checked: 0, Issues found: 0 in 0 files with 1 error.

❌ [ERROR] config/.secretlintignore
    Configuration Error: Failed to read config file: "config/.cspell.config.mjs"
    -------------------------------------------
    CSpell: Files checked: 0, Issues found: 0 in 0 files with 1 error.

❌ [ERROR] config/.secretlintrc.json
    Configuration Error: Failed to read config file: "config/.cspell.config.mjs"
    -------------------------------------------
    CSpell: Files checked: 0, Issues found: 0 in 0 files with 1 error.

❌ [ERROR] config/.snakefmt.toml
    Configuration Error: Failed to read config file: "config/.cspell.config.mjs"
    -------------------------------------------
    CSpell: Files checked: 0, Issues found: 0 in 0 files with 1 error.

❌ [ERROR] config/.spectral.yaml
    Configuration Error: Failed to read config file: "config/.cspell.config.mjs"
    -------------------------------------------
    CSpell: Files checked: 0, Issues found: 0 in 0 files with 1 error.

❌ [ERROR] config/.sqlfluff
    Configuration Error: Failed to read config file: "config/.cspell.config.mjs"
    -------------------------------------------
    CSpell: Files checked: 0, Issues found: 0 in 0 files with 1 error.

❌ [ERROR] config/.stylelintrc.json
    Configuration Error: Failed to read config file: "config/.cspell.config.mjs"
    -------------------------------------------
    CSpell: Files checked: 0, Issues found: 0 in 0 files with 1 error.

❌ [ERROR] config/.swiftlint.yml
    Configuration Error: Failed to read config file: "config/.cspell.config.mjs"
    -------------------------------------------
    CSpell: Files checked: 0, Issues found: 0 in 0 files with 1 error.

❌ [ERROR] config/.syft.yaml
    Configuration Error: Failed to read config file: "config/.cspell.config.mjs"
    -------------------------------------------
    CSpell: Files checked: 0, Issues found: 0 in 0 files with 1 error.

❌ [ERROR] config/.tektonlintrc.yaml
    Configuration Error: Failed to read config file: "config/.cspell.config.mjs"
    -------------------------------------------
    CSpell: Files checked: 0, Issues found: 0 in 0 files with 1 error.

❌ [ERROR] config/.tflint.hcl
    Configuration Error: Failed to read config file: "config/.cspell.config.mjs"
    -------------------------------------------
    CSpell: Files checked: 0, Issues found: 0 in 0 files with 1 error.

❌ [ERROR] config/.trufflehog.yml
    Configuration Error: Failed to read config file: "config/.cspell.config.mjs"
    -------------------------------------------
    CSpell: Files checked: 0, Issues found: 0 in 0 files with 1 error.

❌ [ERROR] config/.trufflehogignore
    Configuration Error: Failed to read config file: "config/.cspell.config.mjs"
    -------------------------------------------
    CSpell: Files checked: 0, Issues found: 0 in 0 files with 1 error.

❌ [ERROR] config/.tsqllintrc.json
    Configuration Error: Failed to read config file: "config/.cspell.config.mjs"
    -------------------------------------------
    CSpell: Files checked: 0, Issues found: 0 in 0 files with 1 error.

❌ [ERROR] config/.v8rrc.yml
    Configuration Error: Failed to read config file: "config/.cspell.config.mjs"
    -------------------------------------------
    CSpell: Files checked: 0, Issues found: 0 in 0 files with 1 error.

❌ [ERROR] config/.vale.ini
    Configuration Error: Failed to read config file: "config/.cspell.config.mjs"
    -------------------------------------------
    CSpell: Files checked: 0, Issues found: 0 in 0 files with 1 error.

❌ [ERROR] config/.yamllint.yml
    Configuration Error: Failed to read config file: "config/.cspell.config.mjs"
    -------------------------------------------
    CSpell: Files checked: 0, Issues found: 0 in 0 files with 1 error.

❌ [ERROR] config/META6.json
    Configuration Error: Failed to read config file: "config/.cspell.config.mjs"
    -------------------------------------------
    CSpell: Files checked: 0, Issues found: 0 in 0 files with 1 error.

❌ [ERROR] config/analysis_options.yml
    Configuration Error: Failed to read config file: "config/.cspell.config.mjs"
    -------------------------------------------
    CSpell: Files checked: 0, Issues found: 0 in 0 files with 1 error.

❌ [ERROR] config/apex-pmd-ruleset.xml
    Configuration Error: Failed to read config file: "config/.cspell.config.mjs"
    -------------------------------------------
    CSpell: Files checked: 0, Issues found: 0 in 0 files with 1 error.

❌ [ERROR] config/apt.conf
    Configuration Error: Failed to read config file: "config/.cspell.config.mjs"
    -------------------------------------------
    CSpell: Files checked: 0, Issues found: 0 in 0 files with 1 error.

❌ [ERROR] config/dpkg.cfg
    Configuration Error: Failed to read config file: "config/.cspell.config.mjs"
    -------------------------------------------
    CSpell: Files checked: 0, Issues found: 0 in 0 files with 1 error.

❌ [ERROR] config/java-pmd-ruleset.xml
    Configuration Error: Failed to read config file: "config/.cspell.config.mjs"
    -------------------------------------------
    CSpell: Files checked: 0, Issues found: 0 in 0 files with 1 error.

❌ [ERROR] config/lychee.toml
    Configuration Error: Failed to read config file: "config/.cspell.config.mjs"
    -------------------------------------------
    CSpell: Files checked: 0, Issues found: 0 in 0 files with 1 error.

❌ [ERROR] config/lynis/custom.prf
    Configuration Error: Failed to read config file: "config/.cspell.config.mjs"
    -------------------------------------------
    CSpell: Files checked: 0, Issues found: 0 in 0 files with 1 error.

❌ [ERROR] config/phpcs.xml
    Configuration Error: Failed to read config file: "config/.cspell.config.mjs"
    -------------------------------------------
    CSpell: Files checked: 0, Issues found: 0 in 0 files with 1 error.

❌ [ERROR] config/phpstan.neon.dist
    Configuration Error: Failed to read config file: "config/.cspell.config.mjs"
    -------------------------------------------
    CSpell: Files checked: 0, Issues found: 0 in 0 files with 1 error.

❌ [ERROR] config/psalm.xml
    Configuration Error: Failed to read config file: "config/.cspell.config.mjs"
    -------------------------------------------
    CSpell: Files checked: 0, Issues found: 0 in 0 files with 1 error.

❌ [ERROR] config/pyrightconfig.json
    Configuration Error: Failed to read config file: "config/.cspell.config.mjs"
    -------------------------------------------
    CSpell: Files checked: 0, Issues found: 0 in 0 files with 1 error.

❌ [ERROR] config/styles/proselint/Airlinese.yml
    Configuration Error: Failed to read config file: "config/.cspell.config.mjs"
    -------------------------------------------
    CSpell: Files checked: 0, Issues found: 0 in 0 files with 1 error.

❌ [ERROR] config/styles/proselint/AnimalLabels.yml
    Configuration Error: Failed to read config file: "config/.cspell.config.mjs"
    -------------------------------------------
    CSpell: Files checked: 0, Issues found: 0 in 0 files with 1 error.

❌ [ERROR] config/styles/proselint/Annotations.yml
    Configuration Error: Failed to read config file: "config/.cspell.config.mjs"
    -------------------------------------------
    CSpell: Files checked: 0, Issues found: 0 in 0 files with 1 error.

❌ [ERROR] config/styles/proselint/Apologizing.yml
    Configuration Error: Failed to read config file: "config/.cspell.config.mjs"
    -------------------------------------------
    CSpell: Files checked: 0, Issues found: 0 in 0 files with 1 error.

❌ [ERROR] config/styles/proselint/Archaisms.yml
    Configuration Error: Failed to read config file: "config/.cspell.config.mjs"
    -------------------------------------------
    CSpell: Files checked: 0, Issues found: 0 in 0 files with 1 error.

❌ [ERROR] config/styles/proselint/But.yml
    Configuration Error: Failed to read config file: "config/.cspell.config.mjs"
    -------------------------------------------
    CSpell: Files checked: 0, Issues found: 0 in 0 files with 1 error.

❌ [ERROR] config/styles/proselint/Cliches.yml
    Configuration Error: Failed to read config file: "config/.cspell.config.mjs"
    -------------------------------------------
    CSpell: Files checked: 0, Issues found: 0 in 0 files with 1 error.

❌ [ERROR] config/styles/proselint/CorporateSpeak.yml
    Configuration Error: Failed to read config file: "config/.cspell.config.mjs"
    -------------------------------------------
    CSpell: Files checked: 0, Issues found: 0 in 0 files with 1 error.

❌ [ERROR] config/styles/proselint/Currency.yml
    Configuration Error: Failed to read config file: "config/.cspell.config.mjs"
    -------------------------------------------
    CSpell: Files checked: 0, Issues found: 0 in 0 files with 1 error.

❌ [ERROR] config/styles/proselint/Cursing.yml
    Configuration Error: Failed to read config file: "config/.cspell.config.mjs"
    -------------------------------------------
    CSpell: Files checked: 0, Issues found: 0 in 0 files with 1 error.

❌ [ERROR] config/styles/proselint/DateCase.yml
    Configuration Error: Failed to read config file: "config/.cspell.config.mjs"
    -------------------------------------------
    CSpell: Files checked: 0, Issues found: 0 in 0 files with 1 error.

❌ [ERROR] config/styles/proselint/DateMidnight.yml
    Configuration Error: Failed to read config file: "config/.cspell.config.mjs"
    -------------------------------------------
    CSpell: Files checked: 0, Issues found: 0 in 0 files with 1 error.

❌ [ERROR] config/styles/proselint/DateRedundancy.yml
    Configuration Error: Failed to read config file: "config/.cspell.config.mjs"
    -------------------------------------------
    CSpell: Files checked: 0, Issues found: 0 in 0 files with 1 error.

❌ [ERROR] config/styles/proselint/DateSpacing.yml
    Configuration Error: Failed to read config file: "config/.cspell.config.mjs"
    -------------------------------------------
    CSpell: Files checked: 0, Issues found: 0 in 0 files with 1 error.

❌ [ERROR] config/styles/proselint/DenizenLabels.yml
    Configuration Error: Failed to read config file: "config/.cspell.config.mjs"
    -------------------------------------------
    CSpell: Files checked: 0, Issues found: 0 in 0 files with 1 error.

❌ [ERROR] config/styles/proselint/Diacritical.yml
    Configuration Error: Failed to read config file: "config/.cspell.config.mjs"
    -------------------------------------------
    CSpell: Files checked: 0, Issues found: 0 in 0 files with 1 error.

❌ [ERROR] config/styles/proselint/GenderBias.yml
    Configuration Error: Failed to read config file: "config/.cspell.config.mjs"
    -------------------------------------------
    CSpell: Files checked: 0, Issues found: 0 in 0 files with 1 error.

❌ [ERROR] config/styles/proselint/GroupTerms.yml
    Configuration Error: Failed to read config file: "config/.cspell.config.mjs"
    -------------------------------------------
    CSpell: Files checked: 0, Issues found: 0 in 0 files with 1 error.

❌ [ERROR] config/styles/proselint/Hedging.yml
    Configuration Error: Failed to read config file: "config/.cspell.config.mjs"
    -------------------------------------------
    CSpell: Files checked: 0, Issues found: 0 in 0 files with 1 error.

❌ [ERROR] config/styles/proselint/Hyperbole.yml
    Configuration Error: Failed to read config file: "config/.cspell.config.mjs"
    -------------------------------------------
    CSpell: Files checked: 0, Issues found: 0 in 0 files with 1 error.

❌ [ERROR] config/styles/proselint/Jargon.yml
    Configuration Error: Failed to read config file: "config/.cspell.config.mjs"
    -------------------------------------------
    CSpell: Files checked: 0, Issues found: 0 in 0 files with 1 error.

❌ [ERROR] config/styles/proselint/LGBTOffensive.yml
    Configuration Error: Failed to read config file: "config/.cspell.config.mjs"
    -------------------------------------------
    CSpell: Files checked: 0, Issues found: 0 in 0 files with 1 error.

❌ [ERROR] config/styles/proselint/LGBTTerms.yml
    Configuration Error: Failed to read config file: "config/.cspell.config.mjs"
    -------------------------------------------
    CSpell: Files checked: 0, Issues found: 0 in 0 files with 1 error.

❌ [ERROR] config/styles/proselint/Malapropisms.yml
    Configuration Error: Failed to read config file: "config/.cspell.config.mjs"
    -------------------------------------------
    CSpell: Files checked: 0, Issues found: 0 in 0 files with 1 error.

❌ [ERROR] config/styles/proselint/Needless.yml
    Configuration Error: Failed to read config file: "config/.cspell.config.mjs"
    -------------------------------------------
    CSpell: Files checked: 0, Issues found: 0 in 0 files with 1 error.

❌ [ERROR] config/styles/proselint/Nonwords.yml
    Configuration Error: Failed to read config file: "config/.cspell.config.mjs"
    -------------------------------------------
    CSpell: Files checked: 0, Issues found: 0 in 0 files with 1 error.

❌ [ERROR] config/styles/proselint/Oxymorons.yml
    Configuration Error: Failed to read config file: "config/.cspell.config.mjs"
    -------------------------------------------
    CSpell: Files checked: 0, Issues found: 0 in 0 files with 1 error.

❌ [ERROR] config/styles/proselint/P-Value.yml
    Configuration Error: Failed to read config file: "config/.cspell.config.mjs"
    -------------------------------------------
    CSpell: Files checked: 0, Issues found: 0 in 0 files with 1 error.

❌ [ERROR] config/styles/proselint/RASSyndrome.yml
    Configuration Error: Failed to read config file: "config/.cspell.config.mjs"
    -------------------------------------------
    CSpell: Files checked: 0, Issues found: 0 in 0 files with 1 error.

❌ [ERROR] config/styles/proselint/README.md
    Configuration Error: Failed to read config file: "config/.cspell.config.mjs"
    -------------------------------------------
    CSpell: Files checked: 0, Issues found: 0 in 0 files with 1 error.

❌ [ERROR] config/styles/proselint/Skunked.yml
    Configuration Error: Failed to read config file: "config/.cspell.config.mjs"
    -------------------------------------------
    CSpell: Files checked: 0, Issues found: 0 in 0 files with 1 error.

❌ [ERROR] config/styles/proselint/Spelling.yml
    Configuration Error: Failed to read config file: "config/.cspell.config.mjs"
    -------------------------------------------
    CSpell: Files checked: 0, Issues found: 0 in 0 files with 1 error.

❌ [ERROR] config/styles/proselint/Typography.yml
    Configuration Error: Failed to read config file: "config/.cspell.config.mjs"
    -------------------------------------------
    CSpell: Files checked: 0, Issues found: 0 in 0 files with 1 error.

❌ [ERROR] config/styles/proselint/Uncomparables.yml
    Configuration Error: Failed to read config file: "config/.cspell.config.mjs"
    -------------------------------------------
    CSpell: Files checked: 0, Issues found: 0 in 0 files with 1 error.

❌ [ERROR] config/styles/proselint/Very.yml
    Configuration Error: Failed to read config file: "config/.cspell.config.mjs"
    -------------------------------------------
    CSpell: Files checked: 0, Issues found: 0 in 0 files with 1 error.

❌ [ERROR] config/styles/proselint/meta.json
    Configuration Error: Failed to read config file: "config/.cspell.config.mjs"
    -------------------------------------------
    CSpell: Files checked: 0, Issues found: 0 in 0 files with 1 error.

❌ [ERROR] config/styles/write-good/Cliches.yml
    Configuration Error: Failed to read config file: "config/.cspell.config.mjs"
    -------------------------------------------
    CSpell: Files checked: 0, Issues found: 0 in 0 files with 1 error.

❌ [ERROR] config/styles/write-good/E-Prime.yml
    Configuration Error: Failed to read config file: "config/.cspell.config.mjs"
    -------------------------------------------
    CSpell: Files checked: 0, Issues found: 0 in 0 files with 1 error.

❌ [ERROR] config/styles/write-good/Illusions.yml
    Configuration Error: Failed to read config file: "config/.cspell.config.mjs"
    -------------------------------------------
    CSpell: Files checked: 0, Issues found: 0 in 0 files with 1 error.

❌ [ERROR] config/styles/write-good/Passive.yml
    Configuration Error: Failed to read config file: "config/.cspell.config.mjs"
    -------------------------------------------
    CSpell: Files checked: 0, Issues found: 0 in 0 files with 1 error.

❌ [ERROR] config/styles/write-good/README.md
    Configuration Error: Failed to read config file: "config/.cspell.config.mjs"
    -------------------------------------------
    CSpell: Files checked: 0, Issues found: 0 in 0 files with 1 error.

❌ [ERROR] config/styles/write-good/So.yml
    Configuration Error: Failed to read config file: "config/.cspell.config.mjs"
    -------------------------------------------
    CSpell: Files checked: 0, Issues found: 0 in 0 files with 1 error.

❌ [ERROR] config/styles/write-good/ThereIs.yml
    Configuration Error: Failed to read config file: "config/.cspell.config.mjs"
    -------------------------------------------
    CSpell: Files checked: 0, Issues found: 0 in 0 files with 1 error.

❌ [ERROR] config/styles/write-good/TooWordy.yml
    Configuration Error: Failed to read config file: "config/.cspell.config.mjs"
    -------------------------------------------
    CSpell: Files checked: 0, Issues found: 0 in 0 files with 1 error.

❌ [ERROR] config/styles/write-good/Weasel.yml
    Configuration Error: Failed to read config file: "config/.cspell.config.mjs"
    -------------------------------------------
    CSpell: Files checked: 0, Issues found: 0 in 0 files with 1 error.

❌ [ERROR] config/styles/write-good/meta.json
    Configuration Error: Failed to read config file: "config/.cspell.config.mjs"
    -------------------------------------------
    CSpell: Files checked: 0, Issues found: 0 in 0 files with 1 error.

❌ [ERROR] config/sun_checks.xml
    Configuration Error: Failed to read config file: "config/.cspell.config.mjs"
    -------------------------------------------
    CSpell: Files checked: 0, Issues found: 0 in 0 files with 1 error.

❌ [ERROR] config/terragrunt.hcl
    Configuration Error: Failed to read config file: "config/.cspell.config.mjs"
    -------------------------------------------
    CSpell: Files checked: 0, Issues found: 0 in 0 files with 1 error.

❌ [ERROR] config/terrascan-config.toml
    Configuration Error: Failed to read config file: "config/.cspell.config.mjs"
    -------------------------------------------
    CSpell: Files checked: 0, Issues found: 0 in 0 files with 1 error.

❌ [ERROR] config/trivy-sbom.yaml
    Configuration Error: Failed to read config file: "config/.cspell.config.mjs"
    -------------------------------------------
    CSpell: Files checked: 0, Issues found: 0 in 0 files with 1 error.

❌ [ERROR] config/trivy.yaml
    Configuration Error: Failed to read config file: "config/.cspell.config.mjs"
    -------------------------------------------
    CSpell: Files checked: 0, Issues found: 0 in 0 files with 1 error.

❌ [ERROR] docs/CNAME
    Configuration Error: Failed to read config file: "config/.cspell.config.mjs"
    -------------------------------------------
    CSpell: Files checked: 0, Issues found: 0 in 0 files with 1 error.

❌ [ERROR] docs/favicon.ico
    Configuration Error: Failed to read config file: "config/.cspell.config.mjs"
    -------------------------------------------
    CSpell: Files checked: 0, Issues found: 0 in 0 files with 1 error.

❌ [ERROR] docs/index.html
    Configuration Error: Failed to read config file: "config/.cspell.config.mjs"
    -------------------------------------------
    CSpell: Files checked: 0, Issues found: 0 in 0 files with 1 error.

❌ [ERROR] package-lock.json
    Configuration Error: Failed to read config file: "config/.cspell.config.mjs"
    -------------------------------------------
    CSpell: Files checked: 0, Issues found: 0 in 0 files with 1 error.

❌ [ERROR] package.json
    Configuration Error: Failed to read config file: "config/.cspell.config.mjs"
    -------------------------------------------
    CSpell: Files checked: 0, Issues found: 0 in 0 files with 1 error.

