Results of mypy linter (version 1.16.0)
See documentation on https://megalinter.io/8.8.0/descriptors/python_mypy/
-----------------------------------------------

❌ [ERROR] for workspace /github/workspace
Linter raw log:
server/tests/test_health.py:3:1: error: Cannot find implementation or library
stub for module named "pytest"  [import-not-found]
    import pytest
    ^
server/tests/test_health.py:7:1: error: Function is missing a type annotation 
[no-untyped-def]
    async def test_root_endpoint(client):
    ^
server/tests/test_health.py:15:1: error: Function is missing a type annotation 
[no-untyped-def]
    async def test_health_endpoint_returns_200(client):
    ^
server/tests/test_health.py:22:1: error: Function is missing a type annotation 
[no-untyped-def]
    async def test_health_endpoint_schema(client):
    ^
server/tests/test_health.py:32:1: error: Function is missing a type annotation 
[no-untyped-def]
    async def test_health_endpoint_status_value(client):
    ^
server/tests/test_health.py:39:1: error: Function is missing a type annotation 
[no-untyped-def]
    async def test_health_endpoint_plaid_not_configured(client):
    ^
server/tests/test_error_handling.py:3:1: error: Cannot find implementation or
library stub for module named "pytest"  [import-not-found]
    import pytest
    ^
server/tests/test_error_handling.py:7:1: error: Function is missing a type
annotation  [no-untyped-def]
    async def test_transactions_get_missing_access_token(client):
    ^
server/tests/test_error_handling.py:14:1: error: Function is missing a type
annotation  [no-untyped-def]
    async def test_transactions_get_empty_access_token(client):
    ^
server/tests/test_error_handling.py:25:1: error: Function is missing a type
annotation  [no-untyped-def]
    async def test_transactions_get_invalid_start_date(client):
    ^
server/tests/test_error_handling.py:37:1: error: Function is missing a type
annotation  [no-untyped-def]
    async def test_transactions_get_invalid_end_date(client):
    ^
server/tests/test_error_handling.py:49:1: error: Function is missing a type
annotation  [no-untyped-def]
    async def test_transactions_get_plaid_not_configured(client):
    ^
server/tests/test_error_handling.py:60:1: error: Function is missing a type
annotation  [no-untyped-def]
    async def test_plaid_transactions_post_missing_body(client):
    ^
server/tests/test_error_handling.py:67:1: error: Function is missing a type
annotation  [no-untyped-def]
    async def test_plaid_transactions_post_empty_access_token(client):
    ^
server/tests/test_error_handling.py:78:1: error: Function is missing a type
annotation  [no-untyped-def]
    async def test_plaid_transactions_post_plaid_not_configured(client):
    ^
server/tests/test_error_handling.py:89:1: error: Function is missing a type
annotation  [no-untyped-def]
    async def test_not_found_endpoint(client):
    ^
server/plaid_adapter.py:7:1: error: Cannot find implementation or library stub
for module named "plaid"  [import-not-found]
    import plaid
    ^
server/plaid_adapter.py:8:1: error: Cannot find implementation or library stub
for module named "plaid.api"  [import-not-found]
    from plaid.api import plaid_api
    ^
server/plaid_adapter.py:9:1: error: Cannot find implementation or library stub
for module named "plaid.model.transactions_sync_request"  [import-not-found]
    from plaid.model.transactions_sync_request import TransactionsSyncRequ...
    ^
server/plaid_adapter.py:10:1: error: Cannot find implementation or library stub
for module named "pydantic"  [import-not-found]
    from pydantic import BaseModel
    ^
server/tests/test_plaid_adapter.py:3:1: error: Cannot find implementation or
library stub for module named "pytest"  [import-not-found]
    import pytest
    ^
server/tests/test_plaid_adapter.py:11:5: error: Function is missing a return
type annotation  [no-untyped-def]
        def test_required_fields(self):
        ^
server/tests/test_plaid_adapter.py:11:5: note: Use "-> None" if function does not return a value
server/tests/test_plaid_adapter.py:28:5: error: Function is missing a return
type annotation  [no-untyped-def]
        def test_optional_fields_default_to_none(self):
        ^
server/tests/test_plaid_adapter.py:28:5: note: Use "-> None" if function does not return a value
server/tests/test_plaid_adapter.py:43:5: error: Function is missing a return
type annotation  [no-untyped-def]
        def test_optional_fields_set(self):
        ^
server/tests/test_plaid_adapter.py:43:5: note: Use "-> None" if function does not return a value
server/tests/test_plaid_adapter.py:67:5: error: Function is missing a type
annotation  [no-untyped-def]
        def adapter(self, monkeypatch):
        ^
server/tests/test_plaid_adapter.py:81:5: error: Function is missing a type
annotation  [no-untyped-def]
        def test_normalize_transaction_from_dict(self, adapter):
        ^
server/tests/test_plaid_adapter.py:96:5: error: Function is missing a type
annotation  [no-untyped-def]
        def test_normalize_transaction_missing_optional_fields(self, adapt...
        ^
server/tests/test_plaid_adapter.py:110:5: error: Function is missing a type
annotation  [no-untyped-def]
        def test_normalize_transaction_missing_transaction_id_raises(self,...
        ^
server/tests/test_plaid_adapter.py:122:5: error: Function is missing a type
annotation  [no-untyped-def]
        def test_normalize_transaction_empty_transaction_id_raises(self, a...
        ^
server/tests/test_plaid_adapter.py:135:5: error: Function is missing a type
annotation  [no-untyped-def]
        def test_normalize_transaction_missing_account_id_raises(self, ada...
        ^
server/tests/test_plaid_adapter.py:147:5: error: Function is missing a type
annotation  [no-untyped-def]
        def test_normalize_transaction_empty_account_id_raises(self, adapt...
        ^
server/tests/test_plaid_adapter.py:160:5: error: Function is missing a type
annotation  [no-untyped-def]
        def test_normalize_transactions_skips_invalid(self, adapter, caplo...
        ^
server/tests/test_plaid_adapter.py:182:5: error: Function is missing a type
annotation  [no-untyped-def]
        def test_invalid_environment_raises(self, monkeypatch):
        ^
server/tests/test_plaid_adapter.py:192:1: error: Function is missing a type
annotation  [no-untyped-def]
    def _make_sync_response(added, has_more, next_cursor="cursor_next", ac...
    ^
server/tests/test_plaid_adapter.py:196:9: error: Function is missing a type
annotation  [no-untyped-def]
            def to_dict(self_inner):
            ^
server/tests/test_plaid_adapter.py:214:5: error: Function is missing a type
annotation  [no-untyped-def]
        def adapter(self, monkeypatch):
        ^
server/tests/test_plaid_adapter.py:225:5: error: Function is missing a type
annotation  [no-untyped-def]
        def _make_tx(self, tx_id, date="2024-01-10", account_id="acc_1"):
        ^
server/tests/test_plaid_adapter.py:235:5: error: Function is missing a type
annotation  [no-untyped-def]
        def test_single_page_returns_all_transactions(self, adapter):
        ^
server/tests/test_plaid_adapter.py:237:16: error: Call to untyped function
"_make_tx" in typed context  [no-untyped-call]
            txs = [self._make_tx("tx_1"), self._make_tx("tx_2")]
                   ^~~~~~~~~~~~~~~~~~~~~
server/tests/test_plaid_adapter.py:238:18: error: Call to untyped function
"_make_sync_response" in typed context  [no-untyped-call]
            calls = [_make_sync_response(txs, has_more=False, accounts=[{"...
                     ^~~~~~~~~~~~~~~~~~~~~~~~~~~~~~~~~~~~~~~~~~~~~~~~~~~~~...
server/tests/test_plaid_adapter.py:248:5: error: Function is missing a type
annotation  [no-untyped-def]
        def test_multiple_pages_aggregated(self, adapter):
        ^
server/tests/test_plaid_adapter.py:250:22: error: Call to untyped function
"_make_tx" in typed context  [no-untyped-call]
            page1_txs = [self._make_tx("tx_1"), self._make_tx("tx_2")]
                         ^~~~~~~~~~~~~~~~~~~~~
server/tests/test_plaid_adapter.py:251:22: error: Call to untyped function
"_make_tx" in typed context  [no-untyped-call]
            page2_txs = [self._make_tx("tx_3"), self._make_tx("tx_4")]
                         ^~~~~~~~~~~~~~~~~~~~~
server/tests/test_plaid_adapter.py:252:22: error: Call to untyped function
"_make_tx" in typed context  [no-untyped-call]
            page3_txs = [self._make_tx("tx_5")]
                         ^~~~~~~~~~~~~~~~~~~~~
server/tests/test_plaid_adapter.py:255:13: error: Call to untyped function
"_make_sync_response" in typed context  [no-untyped-call]
                _make_sync_response(page1_txs, has_more=True, next_cursor=...
                ^~~~~~~~~~~~~~~~~~~~~~~~~~~~~~~~~~~~~~~~~~~~~~~~~~~~~~~~~~...
server/tests/test_plaid_adapter.py:256:13: error: Call to untyped function
"_make_sync_response" in typed context  [no-untyped-call]
                _make_sync_response(page2_txs, has_more=True, next_cursor=...
                ^~~~~~~~~~~~~~~~~~~~~~~~~~~~~~~~~~~~~~~~~~~~~~~~~~~~~~~~~~...
server/tests/test_plaid_adapter.py:257:13: error: Call to untyped function
"_make_sync_response" in typed context  [no-untyped-call]
                _make_sync_response(page3_txs, has_more=False, next_cursor...
                ^~~~~~~~~~~~~~~~~~~~~~~~~~~~~~~~~~~~~~~~~~~~~~~~~~~~~~~~~~...
server/tests/test_plaid_adapter.py:266:5: error: Function is missing a type
annotation  [no-untyped-def]
        def test_duplicate_transactions_deduplicated(self, adapter):
        ^
server/tests/test_plaid_adapter.py:268:14: error: Call to untyped function
"_make_tx" in typed context  [no-untyped-call]
            tx = self._make_tx("tx_dup")
                 ^~~~~~~~~~~~~~~~~~~~~~~
server/tests/test_plaid_adapter.py:270:13: error: Call to untyped function
"_make_sync_response" in typed context  [no-untyped-call]
                _make_sync_response([tx], has_more=True, next_cursor="c1")...
                ^~~~~~~~~~~~~~~~~~~~~~~~~~~~~~~~~~~~~~~~~~~~~~~~~~~~~~~~~~
server/tests/test_plaid_adapter.py:271:13: error: Call to untyped function
"_make_sync_response" in typed context  [no-untyped-call]
                _make_sync_response([tx], has_more=False),  # same tx_id r...
                ^~~~~~~~~~~~~~~~~~~~~~~~~~~~~~~~~~~~~~~~~
server/tests/test_plaid_adapter.py:280:5: error: Function is missing a type
annotation  [no-untyped-def]
        def test_account_ids_filter_applied_post_fetch(self, adapter):
        ^
server/tests/test_plaid_adapter.py:283:13: error: Call to untyped function
"_make_tx" in typed context  [no-untyped-call]
                self._make_tx("tx_a", account_id="acc_a"),
                ^~~~~~~~~~~~~~~~~~~~~~~~~~~~~~~~~~~~~~~~~
server/tests/test_plaid_adapter.py:284:13: error: Call to untyped function
"_make_tx" in typed context  [no-untyped-call]
                self._make_tx("tx_b", account_id="acc_b"),
                ^~~~~~~~~~~~~~~~~~~~~~~~~~~~~~~~~~~~~~~~~
server/tests/test_plaid_adapter.py:286:27: error: Call to untyped function
"_make_sync_response" in typed context  [no-untyped-call]
            responses = iter([_make_sync_response(txs, has_more=False)])
                              ^~~~~~~~~~~~~~~~~~~~~~~~~~~~~~~~~~~~~~~~
server/tests/test_plaid_adapter.py:294:5: error: Function is missing a type
annotation  [no-untyped-def]
        def test_date_filter_applied_post_fetch(self, adapter):
        ^
server/tests/test_plaid_adapter.py:297:13: error: Call to untyped function
"_make_tx" in typed context  [no-untyped-call]
                self._make_tx("tx_old", date="2024-01-01"),
                ^~~~~~~~~~~~~~~~~~~~~~~~~~~~~~~~~~~~~~~~~~
server/tests/test_plaid_adapter.py:298:13: error: Call to untyped function
"_make_tx" in typed context  [no-untyped-call]
                self._make_tx("tx_mid", date="2024-01-15"),
                ^~~~~~~~~~~~~~~~~~~~~~~~~~~~~~~~~~~~~~~~~~
server/tests/test_plaid_adapter.py:299:13: error: Call to untyped function
"_make_tx" in typed context  [no-untyped-call]
                self._make_tx("tx_new", date="2024-02-01"),
                ^~~~~~~~~~~~~~~~~~~~~~~~~~~~~~~~~~~~~~~~~~
server/tests/test_plaid_adapter.py:301:27: error: Call to untyped function
"_make_sync_response" in typed context  [no-untyped-call]
            responses = iter([_make_sync_response(txs, has_more=False)])
                              ^~~~~~~~~~~~~~~~~~~~~~~~~~~~~~~~~~~~~~~~
server/tests/test_plaid_adapter.py:309:5: error: Function is missing a type
annotation  [no-untyped-def]
        def test_plaid_api_error_raises_exception(self, adapter):
        ^
server/tests/test_plaid_adapter.py:311:1: error: Cannot find implementation or
library stub for module named "plaid"  [import-not-found]
            import plaid
    ^
server/tests/test_plaid_adapter.py:313:9: error: Function is missing a type
annotation  [no-untyped-def]
            def raise_api_error(_self, req):
            ^
server/tests/test_plaid_adapter.py:323:5: error: Function is missing a type
annotation  [no-untyped-def]
        def test_plaid_api_error_mid_pagination_raises(self, adapter):
        ^
server/tests/test_plaid_adapter.py:327:22: error: Call to untyped function
"_make_tx" in typed context  [no-untyped-call]
            page1_txs = [self._make_tx("tx_1")]
                         ^~~~~~~~~~~~~~~~~~~~~
server/tests/test_plaid_adapter.py:330:9: error: Function is missing a type
annotation  [no-untyped-def]
            def side_effect(_self, req):
            ^
server/tests/test_plaid_adapter.py:333:24: error: Call to untyped function
"_make_sync_response" in typed context  [no-untyped-call]
                    return _make_sync_response(page1_txs, has_more=True, n...
                           ^~~~~~~~~~~~~~~~~~~~~~~~~~~~~~~~~~~~~~~~~~~~~~~...
server/main.py:9:1: error: Cannot find implementation or library stub for
module named "fastapi"  [import-not-found]
    from fastapi import FastAPI, Header, HTTPException
    ^
server/main.py:10:1: error: Cannot find implementation or library stub for
module named "fastapi.middleware.cors"  [import-not-found]
    from fastapi.middleware.cors import CORSMiddleware
    ^
server/main.py:10:1: note: See https://mypy.readthedocs.io/en/stable/running_mypy.html#missing-imports
server/main.py:11:1: error: Cannot find implementation or library stub for
module named "pydantic"  [import-not-found]
    from pydantic import BaseModel
    ^
server/main.py:12:1: error: Cannot find implementation or library stub for
module named "pydantic_settings"  [import-not-found]
    from pydantic_settings import BaseSettings, SettingsConfigDict
    ^
server/main.py:76:1: error: Function is missing a return type annotation 
[no-untyped-def]
    async def lifespan(app: FastAPI):
    ^
server/main.py:107:1: error: Function is missing a return type annotation 
[no-untyped-def]
    async def root():
    ^
server/main.py:114:1: error: Function is missing a return type annotation 
[no-untyped-def]
    async def health_check():
    ^
server/main.py:162:2: error: Untyped decorator makes function
"get_transactions" untyped  [misc]
    @app.get("/api/transactions", response_model=TransactionsResponse)
     ^~~~~~~~~~~~~~~~~~~~~~~~~~~~~~~~~~~~~~~~~~~~~~~~~~~~~~~~~~~~~~~~~
server/main.py:163:1: error: Function is missing a return type annotation 
[no-untyped-def]
    async def get_transactions(
    ^
server/main.py:269:2: error: Untyped decorator makes function
"get_plaid_transactions" untyped  [misc]
    @app.post("/api/plaid/transactions", response_model=TransactionsRespon...
     ^~~~~~~~~~~~~~~~~~~~~~~~~~~~~~~~~~~~~~~~~~~~~~~~~~~~~~~~~~~~~~~~~~~~~~~~
server/main.py:270:1: error: Function is missing a return type annotation 
[no-untyped-def]
    async def get_plaid_transactions(request: TransactionsRequest):
    ^
server/tests/conftest.py:3:1: error: Cannot find implementation or library stub
for module named "pytest"  [import-not-found]
    import pytest
    ^
server/tests/conftest.py:4:1: error: Cannot find implementation or library stub
for module named "httpx"  [import-not-found]
    from httpx import ASGITransport, AsyncClient
    ^
server/tests/conftest.py:10:1: error: Function is missing a return type
annotation  [no-untyped-def]
    async def client():
    ^
Found 81 errors in 6 files (checked 7 source files)

