Results of shfmt linter (version 3.11.0)
See documentation on https://megalinter.io/8.8.0/descriptors/bash_shfmt/
-----------------------------------------------

❌ [ERROR] for workspace /github/workspace
Linter raw log:
diff scripts/megalinter.sh.orig scripts/megalinter.sh
--- scripts/megalinter.sh.orig
+++ scripts/megalinter.sh
@@ -8,7 +8,7 @@
 RAW_INPUT="${1:-}"
 
 # Allow comma-separated input
-IFS=',' read -ra INPUT_ARRAY <<< "${RAW_INPUT}"
+IFS=',' read -ra INPUT_ARRAY <<<"${RAW_INPUT}"
 
 # ================================
 # Linter Mapping
@@ -153,7 +153,10 @@
     KEY="$(echo "$ITEM" | tr '[:upper:]' '[:lower:]')"
     RESOLVED+=("${LINTER_MAP[$KEY]:-$ITEM}")
   done
-  ENABLE_LINTERS="$(IFS=','; echo "${RESOLVED[*]}")"
+  ENABLE_LINTERS="$(
+    IFS=','
+    echo "${RESOLVED[*]}"
+  )"
 fi
 
 echo "ENABLE_LINTERS=${ENABLE_LINTERS:-ALL}"

