Results of bandit linter (version 1.8.3)
See documentation on https://megalinter.io/8.8.0/descriptors/python_bandit/
-----------------------------------------------

❌ [ERROR] for workspace /github/workspace
Linter raw log:
Run started:2026-03-02 17:42:42.036414

Test results:
>> Issue: [B101:assert_used] Use of assert detected. The enclosed code will be removed when compiling to optimised byte code.
   Severity: Low   Confidence: High
   CWE: CWE-703 (https://cwe.mitre.org/data/definitions/703.html)
   More Info: https://bandit.readthedocs.io/en/1.8.3/plugins/b101_assert_used.html
   Location: ./server/tests/test_error_handling.py:10:4
9	    response = await client.get("/api/transactions")
10	    assert response.status_code == 422
11	

--------------------------------------------------
>> Issue: [B101:assert_used] Use of assert detected. The enclosed code will be removed when compiling to optimised byte code.
   Severity: Low   Confidence: High
   CWE: CWE-703 (https://cwe.mitre.org/data/definitions/703.html)
   More Info: https://bandit.readthedocs.io/en/1.8.3/plugins/b101_assert_used.html
   Location: ./server/tests/test_error_handling.py:20:4
19	    )
20	    assert response.status_code == 400
21	    assert "empty" in response.json()["detail"].lower()

--------------------------------------------------
>> Issue: [B101:assert_used] Use of assert detected. The enclosed code will be removed when compiling to optimised byte code.
   Severity: Low   Confidence: High
   CWE: CWE-703 (https://cwe.mitre.org/data/definitions/703.html)
   More Info: https://bandit.readthedocs.io/en/1.8.3/plugins/b101_assert_used.html
   Location: ./server/tests/test_error_handling.py:21:4
20	    assert response.status_code == 400
21	    assert "empty" in response.json()["detail"].lower()
22	

--------------------------------------------------
>> Issue: [B101:assert_used] Use of assert detected. The enclosed code will be removed when compiling to optimised byte code.
   Severity: Low   Confidence: High
   CWE: CWE-703 (https://cwe.mitre.org/data/definitions/703.html)
   More Info: https://bandit.readthedocs.io/en/1.8.3/plugins/b101_assert_used.html
   Location: ./server/tests/test_error_handling.py:32:4
31	    )
32	    assert response.status_code == 400
33	    assert "start_date" in response.json()["detail"]

--------------------------------------------------
>> Issue: [B101:assert_used] Use of assert detected. The enclosed code will be removed when compiling to optimised byte code.
   Severity: Low   Confidence: High
   CWE: CWE-703 (https://cwe.mitre.org/data/definitions/703.html)
   More Info: https://bandit.readthedocs.io/en/1.8.3/plugins/b101_assert_used.html
   Location: ./server/tests/test_error_handling.py:33:4
32	    assert response.status_code == 400
33	    assert "start_date" in response.json()["detail"]
34	

--------------------------------------------------
>> Issue: [B101:assert_used] Use of assert detected. The enclosed code will be removed when compiling to optimised byte code.
   Severity: Low   Confidence: High
   CWE: CWE-703 (https://cwe.mitre.org/data/definitions/703.html)
   More Info: https://bandit.readthedocs.io/en/1.8.3/plugins/b101_assert_used.html
   Location: ./server/tests/test_error_handling.py:44:4
43	    )
44	    assert response.status_code == 400
45	    assert "end_date" in response.json()["detail"]

--------------------------------------------------
>> Issue: [B101:assert_used] Use of assert detected. The enclosed code will be removed when compiling to optimised byte code.
   Severity: Low   Confidence: High
   CWE: CWE-703 (https://cwe.mitre.org/data/definitions/703.html)
   More Info: https://bandit.readthedocs.io/en/1.8.3/plugins/b101_assert_used.html
   Location: ./server/tests/test_error_handling.py:45:4
44	    assert response.status_code == 400
45	    assert "end_date" in response.json()["detail"]
46	

--------------------------------------------------
>> Issue: [B101:assert_used] Use of assert detected. The enclosed code will be removed when compiling to optimised byte code.
   Severity: Low   Confidence: High
   CWE: CWE-703 (https://cwe.mitre.org/data/definitions/703.html)
   More Info: https://bandit.readthedocs.io/en/1.8.3/plugins/b101_assert_used.html
   Location: ./server/tests/test_error_handling.py:55:4
54	    )
55	    assert response.status_code == 503
56	    assert "not configured" in response.json()["detail"].lower()

--------------------------------------------------
>> Issue: [B101:assert_used] Use of assert detected. The enclosed code will be removed when compiling to optimised byte code.
   Severity: Low   Confidence: High
   CWE: CWE-703 (https://cwe.mitre.org/data/definitions/703.html)
   More Info: https://bandit.readthedocs.io/en/1.8.3/plugins/b101_assert_used.html
   Location: ./server/tests/test_error_handling.py:56:4
55	    assert response.status_code == 503
56	    assert "not configured" in response.json()["detail"].lower()
57	

--------------------------------------------------
>> Issue: [B101:assert_used] Use of assert detected. The enclosed code will be removed when compiling to optimised byte code.
   Severity: Low   Confidence: High
   CWE: CWE-703 (https://cwe.mitre.org/data/definitions/703.html)
   More Info: https://bandit.readthedocs.io/en/1.8.3/plugins/b101_assert_used.html
   Location: ./server/tests/test_error_handling.py:63:4
62	    response = await client.post("/api/plaid/transactions")
63	    assert response.status_code == 422
64	

--------------------------------------------------
>> Issue: [B101:assert_used] Use of assert detected. The enclosed code will be removed when compiling to optimised byte code.
   Severity: Low   Confidence: High
   CWE: CWE-703 (https://cwe.mitre.org/data/definitions/703.html)
   More Info: https://bandit.readthedocs.io/en/1.8.3/plugins/b101_assert_used.html
   Location: ./server/tests/test_error_handling.py:73:4
72	    )
73	    assert response.status_code == 400
74	    assert "empty" in response.json()["detail"].lower()

--------------------------------------------------
>> Issue: [B101:assert_used] Use of assert detected. The enclosed code will be removed when compiling to optimised byte code.
   Severity: Low   Confidence: High
   CWE: CWE-703 (https://cwe.mitre.org/data/definitions/703.html)
   More Info: https://bandit.readthedocs.io/en/1.8.3/plugins/b101_assert_used.html
   Location: ./server/tests/test_error_handling.py:74:4
73	    assert response.status_code == 400
74	    assert "empty" in response.json()["detail"].lower()
75	

--------------------------------------------------
>> Issue: [B101:assert_used] Use of assert detected. The enclosed code will be removed when compiling to optimised byte code.
   Severity: Low   Confidence: High
   CWE: CWE-703 (https://cwe.mitre.org/data/definitions/703.html)
   More Info: https://bandit.readthedocs.io/en/1.8.3/plugins/b101_assert_used.html
   Location: ./server/tests/test_error_handling.py:84:4
83	    )
84	    assert response.status_code == 503
85	    assert "not configured" in response.json()["detail"].lower()

--------------------------------------------------
>> Issue: [B101:assert_used] Use of assert detected. The enclosed code will be removed when compiling to optimised byte code.
   Severity: Low   Confidence: High
   CWE: CWE-703 (https://cwe.mitre.org/data/definitions/703.html)
   More Info: https://bandit.readthedocs.io/en/1.8.3/plugins/b101_assert_used.html
   Location: ./server/tests/test_error_handling.py:85:4
84	    assert response.status_code == 503
85	    assert "not configured" in response.json()["detail"].lower()
86	

--------------------------------------------------
>> Issue: [B101:assert_used] Use of assert detected. The enclosed code will be removed when compiling to optimised byte code.
   Severity: Low   Confidence: High
   CWE: CWE-703 (https://cwe.mitre.org/data/definitions/703.html)
   More Info: https://bandit.readthedocs.io/en/1.8.3/plugins/b101_assert_used.html
   Location: ./server/tests/test_error_handling.py:92:4
91	    response = await client.get("/nonexistent")
92	    assert response.status_code == 404

--------------------------------------------------
>> Issue: [B101:assert_used] Use of assert detected. The enclosed code will be removed when compiling to optimised byte code.
   Severity: Low   Confidence: High
   CWE: CWE-703 (https://cwe.mitre.org/data/definitions/703.html)
   More Info: https://bandit.readthedocs.io/en/1.8.3/plugins/b101_assert_used.html
   Location: ./server/tests/test_health.py:10:4
9	    response = await client.get("/")
10	    assert response.status_code == 200
11	    assert response.json() == {"message": "Welcome to Signal API"}

--------------------------------------------------
>> Issue: [B101:assert_used] Use of assert detected. The enclosed code will be removed when compiling to optimised byte code.
   Severity: Low   Confidence: High
   CWE: CWE-703 (https://cwe.mitre.org/data/definitions/703.html)
   More Info: https://bandit.readthedocs.io/en/1.8.3/plugins/b101_assert_used.html
   Location: ./server/tests/test_health.py:11:4
10	    assert response.status_code == 200
11	    assert response.json() == {"message": "Welcome to Signal API"}
12	

--------------------------------------------------
>> Issue: [B101:assert_used] Use of assert detected. The enclosed code will be removed when compiling to optimised byte code.
   Severity: Low   Confidence: High
   CWE: CWE-703 (https://cwe.mitre.org/data/definitions/703.html)
   More Info: https://bandit.readthedocs.io/en/1.8.3/plugins/b101_assert_used.html
   Location: ./server/tests/test_health.py:18:4
17	    response = await client.get("/health")
18	    assert response.status_code == 200
19	

--------------------------------------------------
>> Issue: [B101:assert_used] Use of assert detected. The enclosed code will be removed when compiling to optimised byte code.
   Severity: Low   Confidence: High
   CWE: CWE-703 (https://cwe.mitre.org/data/definitions/703.html)
   More Info: https://bandit.readthedocs.io/en/1.8.3/plugins/b101_assert_used.html
   Location: ./server/tests/test_health.py:26:4
25	    body = response.json()
26	    assert "status" in body
27	    assert "version" in body

--------------------------------------------------
>> Issue: [B101:assert_used] Use of assert detected. The enclosed code will be removed when compiling to optimised byte code.
   Severity: Low   Confidence: High
   CWE: CWE-703 (https://cwe.mitre.org/data/definitions/703.html)
   More Info: https://bandit.readthedocs.io/en/1.8.3/plugins/b101_assert_used.html
   Location: ./server/tests/test_health.py:27:4
26	    assert "status" in body
27	    assert "version" in body
28	    assert "plaid_configured" in body

--------------------------------------------------
>> Issue: [B101:assert_used] Use of assert detected. The enclosed code will be removed when compiling to optimised byte code.
   Severity: Low   Confidence: High
   CWE: CWE-703 (https://cwe.mitre.org/data/definitions/703.html)
   More Info: https://bandit.readthedocs.io/en/1.8.3/plugins/b101_assert_used.html
   Location: ./server/tests/test_health.py:28:4
27	    assert "version" in body
28	    assert "plaid_configured" in body
29	

--------------------------------------------------
>> Issue: [B101:assert_used] Use of assert detected. The enclosed code will be removed when compiling to optimised byte code.
   Severity: Low   Confidence: High
   CWE: CWE-703 (https://cwe.mitre.org/data/definitions/703.html)
   More Info: https://bandit.readthedocs.io/en/1.8.3/plugins/b101_assert_used.html
   Location: ./server/tests/test_health.py:35:4
34	    response = await client.get("/health")
35	    assert response.json()["status"] == "healthy"
36	

--------------------------------------------------
>> Issue: [B101:assert_used] Use of assert detected. The enclosed code will be removed when compiling to optimised byte code.
   Severity: Low   Confidence: High
   CWE: CWE-703 (https://cwe.mitre.org/data/definitions/703.html)
   More Info: https://bandit.readthedocs.io/en/1.8.3/plugins/b101_assert_used.html
   Location: ./server/tests/test_health.py:44:4
43	    # should not be initialized.
44	    assert response.json()["plaid_configured"] is False

--------------------------------------------------
>> Issue: [B101:assert_used] Use of assert detected. The enclosed code will be removed when compiling to optimised byte code.
   Severity: Low   Confidence: High
   CWE: CWE-703 (https://cwe.mitre.org/data/definitions/703.html)
   More Info: https://bandit.readthedocs.io/en/1.8.3/plugins/b101_assert_used.html
   Location: ./server/tests/test_plaid_adapter.py:21:8
20	        )
21	        assert tx.transaction_id == "tx_001"
22	        assert tx.account_id == "acc_001"

--------------------------------------------------
>> Issue: [B101:assert_used] Use of assert detected. The enclosed code will be removed when compiling to optimised byte code.
   Severity: Low   Confidence: High
   CWE: CWE-703 (https://cwe.mitre.org/data/definitions/703.html)
   More Info: https://bandit.readthedocs.io/en/1.8.3/plugins/b101_assert_used.html
   Location: ./server/tests/test_plaid_adapter.py:22:8
21	        assert tx.transaction_id == "tx_001"
22	        assert tx.account_id == "acc_001"
23	        assert tx.amount == 42.50

--------------------------------------------------
>> Issue: [B101:assert_used] Use of assert detected. The enclosed code will be removed when compiling to optimised byte code.
   Severity: Low   Confidence: High
   CWE: CWE-703 (https://cwe.mitre.org/data/definitions/703.html)
   More Info: https://bandit.readthedocs.io/en/1.8.3/plugins/b101_assert_used.html
   Location: ./server/tests/test_plaid_adapter.py:23:8
22	        assert tx.account_id == "acc_001"
23	        assert tx.amount == 42.50
24	        assert tx.date == "2024-01-15"

--------------------------------------------------
>> Issue: [B101:assert_used] Use of assert detected. The enclosed code will be removed when compiling to optimised byte code.
   Severity: Low   Confidence: High
   CWE: CWE-703 (https://cwe.mitre.org/data/definitions/703.html)
   More Info: https://bandit.readthedocs.io/en/1.8.3/plugins/b101_assert_used.html
   Location: ./server/tests/test_plaid_adapter.py:24:8
23	        assert tx.amount == 42.50
24	        assert tx.date == "2024-01-15"
25	        assert tx.name == "Coffee Shop"

--------------------------------------------------
>> Issue: [B101:assert_used] Use of assert detected. The enclosed code will be removed when compiling to optimised byte code.
   Severity: Low   Confidence: High
   CWE: CWE-703 (https://cwe.mitre.org/data/definitions/703.html)
   More Info: https://bandit.readthedocs.io/en/1.8.3/plugins/b101_assert_used.html
   Location: ./server/tests/test_plaid_adapter.py:25:8
24	        assert tx.date == "2024-01-15"
25	        assert tx.name == "Coffee Shop"
26	        assert tx.pending is False

--------------------------------------------------
>> Issue: [B101:assert_used] Use of assert detected. The enclosed code will be removed when compiling to optimised byte code.
   Severity: Low   Confidence: High
   CWE: CWE-703 (https://cwe.mitre.org/data/definitions/703.html)
   More Info: https://bandit.readthedocs.io/en/1.8.3/plugins/b101_assert_used.html
   Location: ./server/tests/test_plaid_adapter.py:26:8
25	        assert tx.name == "Coffee Shop"
26	        assert tx.pending is False
27	

--------------------------------------------------
>> Issue: [B101:assert_used] Use of assert detected. The enclosed code will be removed when compiling to optimised byte code.
   Severity: Low   Confidence: High
   CWE: CWE-703 (https://cwe.mitre.org/data/definitions/703.html)
   More Info: https://bandit.readthedocs.io/en/1.8.3/plugins/b101_assert_used.html
   Location: ./server/tests/test_plaid_adapter.py:38:8
37	        )
38	        assert tx.merchant_name is None
39	        assert tx.category is None

--------------------------------------------------
>> Issue: [B101:assert_used] Use of assert detected. The enclosed code will be removed when compiling to optimised byte code.
   Severity: Low   Confidence: High
   CWE: CWE-703 (https://cwe.mitre.org/data/definitions/703.html)
   More Info: https://bandit.readthedocs.io/en/1.8.3/plugins/b101_assert_used.html
   Location: ./server/tests/test_plaid_adapter.py:39:8
38	        assert tx.merchant_name is None
39	        assert tx.category is None
40	        assert tx.payment_channel is None

--------------------------------------------------
>> Issue: [B101:assert_used] Use of assert detected. The enclosed code will be removed when compiling to optimised byte code.
   Severity: Low   Confidence: High
   CWE: CWE-703 (https://cwe.mitre.org/data/definitions/703.html)
   More Info: https://bandit.readthedocs.io/en/1.8.3/plugins/b101_assert_used.html
   Location: ./server/tests/test_plaid_adapter.py:40:8
39	        assert tx.category is None
40	        assert tx.payment_channel is None
41	        assert tx.iso_currency_code is None

--------------------------------------------------
>> Issue: [B101:assert_used] Use of assert detected. The enclosed code will be removed when compiling to optimised byte code.
   Severity: Low   Confidence: High
   CWE: CWE-703 (https://cwe.mitre.org/data/definitions/703.html)
   More Info: https://bandit.readthedocs.io/en/1.8.3/plugins/b101_assert_used.html
   Location: ./server/tests/test_plaid_adapter.py:41:8
40	        assert tx.payment_channel is None
41	        assert tx.iso_currency_code is None
42	

--------------------------------------------------
>> Issue: [B101:assert_used] Use of assert detected. The enclosed code will be removed when compiling to optimised byte code.
   Severity: Low   Confidence: High
   CWE: CWE-703 (https://cwe.mitre.org/data/definitions/703.html)
   More Info: https://bandit.readthedocs.io/en/1.8.3/plugins/b101_assert_used.html
   Location: ./server/tests/test_plaid_adapter.py:57:8
56	        )
57	        assert tx.merchant_name == "Amazon.com"
58	        assert tx.category == ["Shopping", "Online"]

--------------------------------------------------
>> Issue: [B101:assert_used] Use of assert detected. The enclosed code will be removed when compiling to optimised byte code.
   Severity: Low   Confidence: High
   CWE: CWE-703 (https://cwe.mitre.org/data/definitions/703.html)
   More Info: https://bandit.readthedocs.io/en/1.8.3/plugins/b101_assert_used.html
   Location: ./server/tests/test_plaid_adapter.py:58:8
57	        assert tx.merchant_name == "Amazon.com"
58	        assert tx.category == ["Shopping", "Online"]
59	        assert tx.payment_channel == "online"

--------------------------------------------------
>> Issue: [B101:assert_used] Use of assert detected. The enclosed code will be removed when compiling to optimised byte code.
   Severity: Low   Confidence: High
   CWE: CWE-703 (https://cwe.mitre.org/data/definitions/703.html)
   More Info: https://bandit.readthedocs.io/en/1.8.3/plugins/b101_assert_used.html
   Location: ./server/tests/test_plaid_adapter.py:59:8
58	        assert tx.category == ["Shopping", "Online"]
59	        assert tx.payment_channel == "online"
60	        assert tx.iso_currency_code == "USD"

--------------------------------------------------
>> Issue: [B101:assert_used] Use of assert detected. The enclosed code will be removed when compiling to optimised byte code.
   Severity: Low   Confidence: High
   CWE: CWE-703 (https://cwe.mitre.org/data/definitions/703.html)
   More Info: https://bandit.readthedocs.io/en/1.8.3/plugins/b101_assert_used.html
   Location: ./server/tests/test_plaid_adapter.py:60:8
59	        assert tx.payment_channel == "online"
60	        assert tx.iso_currency_code == "USD"
61	

--------------------------------------------------
>> Issue: [B106:hardcoded_password_funcarg] Possible hardcoded password: 'fake_secret'
   Severity: Low   Confidence: Medium
   CWE: CWE-259 (https://cwe.mitre.org/data/definitions/259.html)
   More Info: https://bandit.readthedocs.io/en/1.8.3/plugins/b106_hardcoded_password_funcarg.html
   Location: ./server/tests/test_plaid_adapter.py:75:15
74	        )
75	        return PlaidAdapter(
76	            client_id="fake_client_id",
77	            secret="fake_secret",
78	            environment="sandbox",
79	        )
80	

--------------------------------------------------
>> Issue: [B101:assert_used] Use of assert detected. The enclosed code will be removed when compiling to optimised byte code.
   Severity: Low   Confidence: High
   CWE: CWE-703 (https://cwe.mitre.org/data/definitions/703.html)
   More Info: https://bandit.readthedocs.io/en/1.8.3/plugins/b101_assert_used.html
   Location: ./server/tests/test_plaid_adapter.py:92:8
91	        tx = adapter.normalize_transaction(raw)
92	        assert tx.transaction_id == "tx_100"
93	        assert tx.amount == 99.99

--------------------------------------------------
>> Issue: [B101:assert_used] Use of assert detected. The enclosed code will be removed when compiling to optimised byte code.
   Severity: Low   Confidence: High
   CWE: CWE-703 (https://cwe.mitre.org/data/definitions/703.html)
   More Info: https://bandit.readthedocs.io/en/1.8.3/plugins/b101_assert_used.html
   Location: ./server/tests/test_plaid_adapter.py:93:8
92	        assert tx.transaction_id == "tx_100"
93	        assert tx.amount == 99.99
94	        assert tx.pending is False

--------------------------------------------------
>> Issue: [B101:assert_used] Use of assert detected. The enclosed code will be removed when compiling to optimised byte code.
   Severity: Low   Confidence: High
   CWE: CWE-703 (https://cwe.mitre.org/data/definitions/703.html)
   More Info: https://bandit.readthedocs.io/en/1.8.3/plugins/b101_assert_used.html
   Location: ./server/tests/test_plaid_adapter.py:94:8
93	        assert tx.amount == 99.99
94	        assert tx.pending is False
95	

--------------------------------------------------
>> Issue: [B101:assert_used] Use of assert detected. The enclosed code will be removed when compiling to optimised byte code.
   Severity: Low   Confidence: High
   CWE: CWE-703 (https://cwe.mitre.org/data/definitions/703.html)
   More Info: https://bandit.readthedocs.io/en/1.8.3/plugins/b101_assert_used.html
   Location: ./server/tests/test_plaid_adapter.py:107:8
106	        tx = adapter.normalize_transaction(raw)
107	        assert tx.merchant_name is None
108	        assert tx.category is None

--------------------------------------------------
>> Issue: [B101:assert_used] Use of assert detected. The enclosed code will be removed when compiling to optimised byte code.
   Severity: Low   Confidence: High
   CWE: CWE-703 (https://cwe.mitre.org/data/definitions/703.html)
   More Info: https://bandit.readthedocs.io/en/1.8.3/plugins/b101_assert_used.html
   Location: ./server/tests/test_plaid_adapter.py:108:8
107	        assert tx.merchant_name is None
108	        assert tx.category is None
109	

--------------------------------------------------
>> Issue: [B101:assert_used] Use of assert detected. The enclosed code will be removed when compiling to optimised byte code.
   Severity: Low   Confidence: High
   CWE: CWE-703 (https://cwe.mitre.org/data/definitions/703.html)
   More Info: https://bandit.readthedocs.io/en/1.8.3/plugins/b101_assert_used.html
   Location: ./server/tests/test_plaid_adapter.py:129:8
128	
129	        assert len(results) == 1
130	        assert results[0].transaction_id == "tx_200"

--------------------------------------------------
>> Issue: [B101:assert_used] Use of assert detected. The enclosed code will be removed when compiling to optimised byte code.
   Severity: Low   Confidence: High
   CWE: CWE-703 (https://cwe.mitre.org/data/definitions/703.html)
   More Info: https://bandit.readthedocs.io/en/1.8.3/plugins/b101_assert_used.html
   Location: ./server/tests/test_plaid_adapter.py:130:8
129	        assert len(results) == 1
130	        assert results[0].transaction_id == "tx_200"
131	

--------------------------------------------------
>> Issue: [B106:hardcoded_password_funcarg] Possible hardcoded password: 'secret'
   Severity: Low   Confidence: Medium
   CWE: CWE-259 (https://cwe.mitre.org/data/definitions/259.html)
   More Info: https://bandit.readthedocs.io/en/1.8.3/plugins/b106_hardcoded_password_funcarg.html
   Location: ./server/tests/test_plaid_adapter.py:135:12
134	        with pytest.raises(ValueError, match="Invalid environment"):
135	            PlaidAdapter(
136	                client_id="id",
137	                secret="secret",
138	                environment="unknown_env",
139	            )
140	

--------------------------------------------------
>> Issue: [B106:hardcoded_password_funcarg] Possible hardcoded password: 'fake_secret'
   Severity: Low   Confidence: Medium
   CWE: CWE-259 (https://cwe.mitre.org/data/definitions/259.html)
   More Info: https://bandit.readthedocs.io/en/1.8.3/plugins/b106_hardcoded_password_funcarg.html
   Location: ./server/tests/test_plaid_adapter.py:168:19
167	        monkeypatch.setattr("plaid_adapter.plaid_api.PlaidApi", lambda client: None)
168	        instance = PlaidAdapter(
169	            client_id="fake_client_id",
170	            secret="fake_secret",
171	            environment="sandbox",
172	        )
173	        return instance

--------------------------------------------------
>> Issue: [B101:assert_used] Use of assert detected. The enclosed code will be removed when compiling to optimised byte code.
   Severity: Low   Confidence: High
   CWE: CWE-703 (https://cwe.mitre.org/data/definitions/703.html)
   More Info: https://bandit.readthedocs.io/en/1.8.3/plugins/b101_assert_used.html
   Location: ./server/tests/test_plaid_adapter.py:193:8
192	
193	        assert len(result["transactions"]) == 2
194	        assert result["total_transactions"] == 2

--------------------------------------------------
>> Issue: [B101:assert_used] Use of assert detected. The enclosed code will be removed when compiling to optimised byte code.
   Severity: Low   Confidence: High
   CWE: CWE-703 (https://cwe.mitre.org/data/definitions/703.html)
   More Info: https://bandit.readthedocs.io/en/1.8.3/plugins/b101_assert_used.html
   Location: ./server/tests/test_plaid_adapter.py:194:8
193	        assert len(result["transactions"]) == 2
194	        assert result["total_transactions"] == 2
195	        assert result["accounts"] == [{"id": "acc_1"}]

--------------------------------------------------
>> Issue: [B101:assert_used] Use of assert detected. The enclosed code will be removed when compiling to optimised byte code.
   Severity: Low   Confidence: High
   CWE: CWE-703 (https://cwe.mitre.org/data/definitions/703.html)
   More Info: https://bandit.readthedocs.io/en/1.8.3/plugins/b101_assert_used.html
   Location: ./server/tests/test_plaid_adapter.py:195:8
194	        assert result["total_transactions"] == 2
195	        assert result["accounts"] == [{"id": "acc_1"}]
196	        assert result["request_id"] == "req_1"

--------------------------------------------------
>> Issue: [B101:assert_used] Use of assert detected. The enclosed code will be removed when compiling to optimised byte code.
   Severity: Low   Confidence: High
   CWE: CWE-703 (https://cwe.mitre.org/data/definitions/703.html)
   More Info: https://bandit.readthedocs.io/en/1.8.3/plugins/b101_assert_used.html
   Location: ./server/tests/test_plaid_adapter.py:196:8
195	        assert result["accounts"] == [{"id": "acc_1"}]
196	        assert result["request_id"] == "req_1"
197	

--------------------------------------------------
>> Issue: [B101:assert_used] Use of assert detected. The enclosed code will be removed when compiling to optimised byte code.
   Severity: Low   Confidence: High
   CWE: CWE-703 (https://cwe.mitre.org/data/definitions/703.html)
   More Info: https://bandit.readthedocs.io/en/1.8.3/plugins/b101_assert_used.html
   Location: ./server/tests/test_plaid_adapter.py:213:8
212	
213	        assert len(result["transactions"]) == 5
214	        assert result["total_transactions"] == 5

--------------------------------------------------
>> Issue: [B101:assert_used] Use of assert detected. The enclosed code will be removed when compiling to optimised byte code.
   Severity: Low   Confidence: High
   CWE: CWE-703 (https://cwe.mitre.org/data/definitions/703.html)
   More Info: https://bandit.readthedocs.io/en/1.8.3/plugins/b101_assert_used.html
   Location: ./server/tests/test_plaid_adapter.py:214:8
213	        assert len(result["transactions"]) == 5
214	        assert result["total_transactions"] == 5
215	

--------------------------------------------------
>> Issue: [B101:assert_used] Use of assert detected. The enclosed code will be removed when compiling to optimised byte code.
   Severity: Low   Confidence: High
   CWE: CWE-703 (https://cwe.mitre.org/data/definitions/703.html)
   More Info: https://bandit.readthedocs.io/en/1.8.3/plugins/b101_assert_used.html
   Location: ./server/tests/test_plaid_adapter.py:227:8
226	
227	        assert len(result["transactions"]) == 1
228	        assert result["transactions"][0]["transaction_id"] == "tx_dup"

--------------------------------------------------
>> Issue: [B101:assert_used] Use of assert detected. The enclosed code will be removed when compiling to optimised byte code.
   Severity: Low   Confidence: High
   CWE: CWE-703 (https://cwe.mitre.org/data/definitions/703.html)
   More Info: https://bandit.readthedocs.io/en/1.8.3/plugins/b101_assert_used.html
   Location: ./server/tests/test_plaid_adapter.py:228:8
227	        assert len(result["transactions"]) == 1
228	        assert result["transactions"][0]["transaction_id"] == "tx_dup"
229	

--------------------------------------------------
>> Issue: [B101:assert_used] Use of assert detected. The enclosed code will be removed when compiling to optimised byte code.
   Severity: Low   Confidence: High
   CWE: CWE-703 (https://cwe.mitre.org/data/definitions/703.html)
   More Info: https://bandit.readthedocs.io/en/1.8.3/plugins/b101_assert_used.html
   Location: ./server/tests/test_plaid_adapter.py:241:8
240	
241	        assert len(result["transactions"]) == 1
242	        assert result["transactions"][0]["transaction_id"] == "tx_a"

--------------------------------------------------
>> Issue: [B101:assert_used] Use of assert detected. The enclosed code will be removed when compiling to optimised byte code.
   Severity: Low   Confidence: High
   CWE: CWE-703 (https://cwe.mitre.org/data/definitions/703.html)
   More Info: https://bandit.readthedocs.io/en/1.8.3/plugins/b101_assert_used.html
   Location: ./server/tests/test_plaid_adapter.py:242:8
241	        assert len(result["transactions"]) == 1
242	        assert result["transactions"][0]["transaction_id"] == "tx_a"
243	

--------------------------------------------------
>> Issue: [B101:assert_used] Use of assert detected. The enclosed code will be removed when compiling to optimised byte code.
   Severity: Low   Confidence: High
   CWE: CWE-703 (https://cwe.mitre.org/data/definitions/703.html)
   More Info: https://bandit.readthedocs.io/en/1.8.3/plugins/b101_assert_used.html
   Location: ./server/tests/test_plaid_adapter.py:256:8
255	
256	        assert len(result["transactions"]) == 1
257	        assert result["transactions"][0]["transaction_id"] == "tx_mid"

--------------------------------------------------
>> Issue: [B101:assert_used] Use of assert detected. The enclosed code will be removed when compiling to optimised byte code.
   Severity: Low   Confidence: High
   CWE: CWE-703 (https://cwe.mitre.org/data/definitions/703.html)
   More Info: https://bandit.readthedocs.io/en/1.8.3/plugins/b101_assert_used.html
   Location: ./server/tests/test_plaid_adapter.py:257:8
256	        assert len(result["transactions"]) == 1
257	        assert result["transactions"][0]["transaction_id"] == "tx_mid"
258	

--------------------------------------------------

Code scanned:
	Total lines of code: 870
	Total lines skipped (#nosec): 0
	Total potential issues skipped due to specifically being disabled (e.g., #nosec BXXX): 0

Run metrics:
	Total issues (by severity):
		Undefined: 0
		Low: 59
		Medium: 0
		High: 0
	Total issues (by confidence):
		Undefined: 0
		Low: 0
		Medium: 3
		High: 56
Files skipped (0):

