Results of sfdx-scanner-apex linter (version 4.12.0)
See documentation on https://megalinter.io/8.8.0/descriptors/salesforce_sfdx_scanner_apex/
-----------------------------------------------

❌ [ERROR] for workspace /github/workspace
Linter raw log:
You acknowledge and agree that the CLI tool may collect usage information, user environment, and crash reports for the purposes of providing services or functions that are relevant to use of the CLI tool and product improvements.

@salesforce/cli: Installing plugin @salesforce/sfdx-scanner@4.12.0... installed v4.12.0
(node:1299) ExperimentalWarning: CommonJS module /node-deps/node_modules/@salesforce/cli/node_modules/npm/node_modules/debug/src/node.js is loading ES Module /node-deps/node_modules/@salesforce/cli/node_modules/npm/node_modules/supports-color/index.js using require().
Support for loading ES Module in require() is an experimental feature and might change at any time
(Use `node --trace-warnings ...` to show where the warning was created)
added 1 package in 5s
 ›   ModuleLoadError: [MODULE_NOT_FOUND] require failed to load 
 ›   /github/home/.local/share/sf/node_modules/@salesforce/sfdx-scanner/lib/com
 ›   mands/scanner/run.js: Cannot find module '@salesforce/sf-plugins-core'
 ›   Require stack:
 ›   - /github/home/.local/share/sf/node_modules/@salesforce/sfdx-scanner/lib/c
 ›   ommands/scanner/run.js
 ›   - /node-deps/node_modules/@salesforce/cli/node_modules/@oclif/core/lib/mod
 ›   ule-loader.js
 ›   - /node-deps/node_modules/@salesforce/cli/node_modules/@oclif/core/lib/hel
 ›   p/index.js
 ›   - /node-deps/node_modules/@salesforce/cli/node_modules/@oclif/core/lib/err
 ›   ors/handle.js
 ›   - /node-deps/node_modules/@salesforce/cli/node_modules/@oclif/core/lib/err
 ›   ors/index.js
 ›   - /node-deps/node_modules/@salesforce/cli/node_modules/@oclif/core/lib/exe
 ›   cute.js
 ›   Code: MODULE_NOT_FOUND

