Results of markdownlint linter (version 0.45.0)
See documentation on https://megalinter.io/8.8.0/descriptors/markdown_markdownlint/
-----------------------------------------------

❌ [ERROR] for workspace /github/workspace
Linter raw log:
core/README.md:15 MD040/fenced-code-language Fenced code blocks should have a language specified [Context: "```"]
README.md:7 MD040/fenced-code-language Fenced code blocks should have a language specified [Context: "```"]
README.md:60:8 MD034/no-bare-urls Bare URL used [Context: "http://localhost:8000"]
README.md:61:22 MD034/no-bare-urls Bare URL used [Context: "http://localhost:8000/docs"]
README.md:62:17 MD034/no-bare-urls Bare URL used [Context: "http://localhost:8000/health"]
README.md:81:38 MD034/no-bare-urls Bare URL used [Context: "http://localhost:5173"]
schema/README.md:15 MD040/fenced-code-language Fenced code blocks should have a language specified [Context: "```"]
server/IMPLEMENTATION_SUMMARY.md:5:121 MD013/line-length Line length [Expected: 120; Actual: 145]
server/IMPLEMENTATION_SUMMARY.md:163 MD040/fenced-code-language Fenced code blocks should have a language specified [Context: "```"]
server/IMPLEMENTATION_SUMMARY.md:203:15 MD034/no-bare-urls Bare URL used [Context: "http://localhost:8000/docs"]
server/IMPLEMENTATION_SUMMARY.md:204:17 MD034/no-bare-urls Bare URL used [Context: "http://localhost:8000/health"]
server/IMPLEMENTATION_SUMMARY.md:211:24 MD034/no-bare-urls Bare URL used [Context: "https://dashboard.plaid.com/si..."]
server/IMPLEMENTATION_SUMMARY.md:254:121 MD013/line-length Line length [Expected: 120; Actual: 132]
server/IMPLEMENTATION_SUMMARY.md:260:121 MD013/line-length Line length [Expected: 120; Actual: 139]
server/IMPLEMENTATION_SUMMARY.md:273:121 MD013/line-length Line length [Expected: 120; Actual: 253]
server/PLAID_README.md:18:35 MD034/no-bare-urls Bare URL used [Context: "https://dashboard.plaid.com/si..."]
server/PLAID_README.md:129 MD040/fenced-code-language Fenced code blocks should have a language specified [Context: "```"]
server/PLAID_README.md:164:41 MD034/no-bare-urls Bare URL used [Context: "https://plaid.com/docs/link/we..."]
server/PLAID_README.md:172:15 MD034/no-bare-urls Bare URL used [Context: "http://localhost:8000/docs"]
server/PLAID_README.md:173:10 MD034/no-bare-urls Bare URL used [Context: "http://localhost:8000/redoc"]
server/README.md:25:8 MD034/no-bare-urls Bare URL used [Context: "http://localhost:8000"]
server/README.md:26:22 MD034/no-bare-urls Bare URL used [Context: "http://localhost:8000/docs"]
server/README.md:27:17 MD034/no-bare-urls Bare URL used [Context: "http://localhost:8000/health"]
ui/README.md:7:121 MD013/line-length Line length [Expected: 120; Actual: 241]
ui/README.md:8:121 MD013/line-length Line length [Expected: 120; Actual: 154]
ui/README.md:12:121 MD013/line-length Line length [Expected: 120; Actual: 191]
ui/README.md:46:121 MD013/line-length Line length [Expected: 120; Actual: 285]

