Results of lychee linter (version 0.18.0)
See documentation on https://megalinter.io/8.8.0/descriptors/spell_lychee/
-----------------------------------------------

❌ [ERROR] for workspace /github/workspace
Linter raw log:
[200] https://megalinter.io/latest/descriptors/gherkin_gherkin_lint/
[200] https://megalinter.io/latest/descriptors/repository_grype/
[200] https://megalinter.io/latest/descriptors/json_jsonlint/
[200] https://signal.egohygiene.io/reports/megalinter/
[200] https://flake8.pycqa.org/en/latest/
[200] https://semantic-release.gitbook.io/semantic-release/usage/configuration
[200] https://megalinter.io/latest/descriptors/css_stylelint/
[200] https://pycqa.github.io/isort/
[200] https://megalinter.io/latest/descriptors/json_eslint_plugin_jsonc/
[200] https://megalinter.io/latest/descriptors/sql_tsqllint/
[200] https://pre-commit.com/hooks.html
[200] https://megalinter.io/latest/descriptors/snakemake_snakefmt/
[200] https://megalinter.io/latest/descriptors/yaml_prettier/
[200] https://megalinter.io/latest/descriptors/jsx_eslint/
[200] https://checkstyle.org/
[200] https://pre-commit.com/
[200] https://rubocop.org/
[200] https://github.com/igorshubovych/markdownlint-cli
[200] https://megalinter.io/latest/descriptors/repository_gitleaks/
[200] https://github.com/adrienverge/yamllint
[200] https://github.com/cjoudrey/graphql-schema-linter
[200] https://megalinter.io/latest/descriptors/groovy_npm_groovy_lint/
[200] https://megalinter.io/latest/descriptors/rst_rstcheck/
[200] https://api.github.com/
[200] https://megalinter.io/latest/descriptors/python_mypy/
[200] https://megalinter.io/latest/descriptors/raku_raku/
[200] https://github.com/hadolint/hadolint
[200] https://github.com/ota-meshi/eslint-plugin-jsonc
[200] https://megalinter.io/latest/descriptors/java_checkstyle/
[200] https://github.com/anchore/syft
[200] https://github.com/shellcheck-py/shellcheck-py
[200] https://megalinter.io/latest/descriptors/c_clang_format/
[200] https://github.com/psf/black
[200] https://megalinter.io/latest/descriptors/python_pyright/
[200] https://github.com/amperser/proselint
[200] https://github.com/pre-commit/pre-commit-hooks
[200] https://megalinter.io/latest/descriptors/r_lintr/
[200] https://megalinter.io/latest/descriptors/dart_dartanalyzer/
[200] https://github.com/astral-sh/ruff-pre-commit
[200] https://github.com/Yelp/detect-secrets
[200] https://bandit.readthedocs.io/en/latest/
[200] https://yamllint.readthedocs.io/en/stable/
[200] https://megalinter.io/latest/descriptors/cloudformation_cfn_lint/
[200] https://github.com/hadolint/hadolint | OK (cached)
[200] https://megalinter.io/latest/descriptors/repository_syft/
[200] https://www.nongnu.org/chktex/
[200] https://megalinter.io/latest/descriptors/api_spectral/
[200] https://megalinter.io/latest/descriptors/repository_trivy_sbom/
[200] https://megalinter.io/latest/descriptors/dockerfile_hadolint/
[ERROR] https://pyrightlang.org/ | Network error: error sending request for url (https://pyrightlang.org/) Maybe a certificate error?
[200] https://megalinter.io/latest/descriptors/swift_swiftlint/
[200] https://megalinter.io/latest/descriptors/graphql_graphql_schema_linter/
[200] https://github.com/coffeelint/coffeelint
[200] https://megalinter.io/latest/descriptors/terraform_terragrunt/
[200] https://megalinter.io/latest/supported-linters/
[200] https://eslint.org/
[200] https://megalinter.io/latest/descriptors/repository_devskim/
[200] https://megalinter.io/latest/descriptors/repository_secretlint/
[200] https://megalinter.io/latest/descriptors/python_black/
[200] https://github.com/Azure/arm-ttk
[200] https://github.com/aws-cloudformation/cfn-lint
[200] https://megalinter.io/latest/descriptors/yaml_yamllint/
[200] https://github.com/yoheimuta/protolint
[200] https://megalinter.io/latest/descriptors/arm_arm_ttk/
[200] https://megalinter.io/latest/descriptors/go_revive/
[200] https://github.com/zaach/jsonlint
[200] https://github.com/clj-kondo/clj-kondo
[200] https://megalinter.io/latest/descriptors/spell_lychee/
[200] https://stoplight.io/open-source/spectral
[200] https://megalinter.io/latest/descriptors/lua_luacheck/
[200] https://megalinter.io/latest/descriptors/sql_sqlfluff/
[200] https://github.com/trufflesecurity/trufflehog
[200] https://github.com/tclindner/npm-package-json-lint
[200] https://megalinter.io/latest/descriptors/terraform_tflint/
[200] https://dart.dev/tools/dart-analyze
[200] https://github.com/checkmarx/kics
[200] https://ansible.readthedocs.io/projects/lint/
[200] https://psalm.dev/
[200] https://megalinter.io/latest/descriptors/php_phplint/
[200] https://github.com/errata-ai/vale
[200] https://megalinter.io/latest/descriptors/spell_proselint/
[200] https://github.com/lycheeverse/lychee
[200] https://megalinter.io/latest/descriptors/puppet_puppet_lint/
[200] https://megalinter.io/latest/descriptors/salesforce_lightning_flow_scanner/
[200] https://megalinter.io/latest/descriptors/protobuf_protolint/
[200] https://megalinter.io/latest/descriptors/repository_trufflehog/
[200] https://raku.org/
[200] https://www.checkov.io/
[200] https://megalinter.io/latest/descriptors/php_phpstan/
[200] https://github.com/microsoft/DevSkim
[200] https://megalinter.io/latest/descriptors/makefile_checkmake/
[200] https://stylelint.io/
[200] https://megalinter.io/latest/descriptors/action_actionlint/
[200] https://github.com/loeffel-io/ls-lint
[200] https://black.readthedocs.io/en/stable/
[200] https://github.com/rstcheck/rstcheck
[200] https://github.com/gherkin-lint/gherkin-lint
[200] https://megalinter.io/latest/descriptors/python_bandit/
[404] https://megalinter.io/latest/descriptors/markdown_markdown_link_check/ | Network error: Not Found
[200] https://megalinter.io/latest/descriptors/yaml_v8r/
[200] https://github.com/tenable/terrascan
[200] https://megalinter.io/latest/descriptors/copypaste_jscpd/
[200] https://megalinter.io/latest/descriptors/clojure_clj_kondo/
[200] https://megalinter.io/latest/descriptors/python_pylint/
[200] https://megalinter.io/latest/descriptors/powershell_powershell_formatter/
[200] https://megalinter.io/latest/descriptors/markdown_remark_lint/
[200] https://github.com/scalacenter/scalafix
[200] https://github.com/greglook/cljstyle
[200] https://github.com/editorconfig-checker/editorconfig-checker
[200] https://megalinter.io/latest/descriptors/spell_cspell/
[200] https://megalinter.io/latest/descriptors/salesforce_sfdx_scanner_apex/
[200] https://megalinter.io/latest/descriptors/typescript_eslint/
[200] https://megalinter.io/latest/descriptors/python_flake8/
[200] https://megalinter.io/latest/descriptors/powershell_powershell/
[200] https://megalinter.io/latest/descriptors/repository_kics/
[200] https://megalinter.io/latest/descriptors/repository_checkov/
[200] https://megalinter.io/latest/descriptors/javascript_prettier/
[200] https://megalinter.io/latest/descriptors/markdown_markdownlint/
[200] https://megalinter.io/latest/descriptors/ruby_rubocop/
[200] https://github.com/overtrue/phplint
[200] https://megalinter.io/latest/descriptors/rust_clippy/
[200] https://github.com/rhysd/actionlint
[200] https://github.com/snakemake/snakefmt
[200] https://pylint.pycqa.org/en/latest/
[200] https://clang.llvm.org/docs/ClangFormat.html
[200] https://github.com/r-lib/lintr
[200] https://github.com/gruntwork-io/terragrunt
[200] https://megalinter.io/latest/config-variables/
[200] https://github.com/puppetlabs/puppet-lint
[200] https://github.com/rust-lang/rust-clippy
[404] https://megalinter.io/latest/descriptors/coffee_coffee_lint/ | Network error: Not Found
[200] https://github.com/checkmake/checkmake
[200] https://megalinter.io/latest/json-schemas/configuration.html
[200] https://github.com/kucherenko/jscpd
[200] https://megalinter.io/latest/descriptors/javascript_eslint/
[200] https://megalinter.io/latest/descriptors/php_psalm/
[200] https://megalinter.io/latest/descriptors/json_npm_package_json_lint/
[200] https://megalinter.io/latest/descriptors/editorconfig_editorconfig_checker/
[200] https://raw.githubusercontent.com/megalinter/megalinter/main/megalinter/descriptors/schemas/megalinter-configuration.jsonschema.json
[200] https://megalinter.io/latest/descriptors/clojure_cljstyle/
[200] https://megalinter.io/latest/descriptors/latex_chktex/
[200] https://megalinter.io/latest/descriptors/cpp_clang_format/
[200] https://megalinter.io/latest/descriptors/typescript_prettier/
[200] https://github.com/mpeterv/luacheck
[200] https://pmd.github.io/
[200] https://megalinter.io/latest/descriptors/python_ruff/
[200] https://megalinter.io/latest/descriptors/spell_vale/
[200] https://mypy.readthedocs.io/en/stable/
[200] https://megalinter.io/latest/descriptors/scala_scalafix/
[200] https://prettier.io/
[EXCLUDED] mailto:szmyty@gmail.com
[200] https://github.com/anchore/grype
[200] https://megalinter.io/latest/descriptors/java_pmd/
[200] https://github.com/chris48s/v8r
[200] https://megalinter.io/latest/descriptors/php_phpcs/
[200] https://megalinter.io/latest/descriptors/html_htmlhint/
[200] https://github.com/DavidAnson/markdownlint
[200] https://megalinter.io/latest/descriptors/ansible_ansible_lint/
[200] https://github.com/
[200] https://phpstan.org/
[200] https://megalinter.io/latest/descriptors/tekton_tekton_lint/
[200] https://megalinter.io/latest/descriptors/python_isort/
[200] https://megalinter.io/latest/descriptors/repository_trivy/
[200] https://ruff.rs/
[200] https://megalinter.io/8/descriptors/repository_ls_lint/
[200] https://raw.githubusercontent.com/SchemaStore/schemastore/master/src/schemas/json/pyproject.json
[200] https://github.com/streetsidesoftware/cspell
[200] https://github.com/mgechev/revive
[200] https://megalinter.io/latest/descriptors/terraform_terrascan/
[200] https://megalinter.io/latest/descriptors/json_prettier/
[200] https://www.schemastore.org/markdown-link-check.json
[200] https://github.com/sqlfluff/sqlfluff
[200] https://www.schemastore.org/task.json
[200] https://www.schemastore.org/yamllint.json
[200] https://www.schemastore.org/coffeelint.json
[200] https://github.com/tsqllint/tsqllint
[200] https://github.com/remarkjs/remark-lint
[EXCLUDED] http://localhost:5173/
[EXCLUDED] http://localhost:8000/
[EXCLUDED] http://localhost:8000/docs
[EXCLUDED] http://localhost:8000/health
[200] https://github.com/forcedotcom/code-analyzer
[200] https://github.com/realm/SwiftLint
[404] https://json.schemastore.org/npm-package-json-lint.json | Network error: Not Found
[200] https://github.com/ | OK (cached)
[EXCLUDED] http://localhost/
[EXCLUDED] https://localhost/
[200] https://marketplace.visualstudio.com/items?itemName=ms-vscode-remote.remote-containers
[200] https://github.com/tcort/markdown-link-check
   [WARN ] Error creating request: InvalidPathToUri("/vite.svg")
[200] https://raw.githubusercontent.com/DavidAnson/markdownlint/main/schema/markdownlint-config-schema.json
[200] https://containers.dev/
[200] https://json.schemastore.org/web-manifest-combined.json
[200] https://golangci-lint.run/jsonschema/golangci.jsonschema.json
[200] https://github.com/gitleaks/gitleaks
[200] https://json.schemastore.org/prettierrc.json
[200] https://raw.githubusercontent.com/hadolint/hadolint/master/contrib/hadolint.json
[200] https://toolbox-data.anchore.io/grype/databases/listing.json
[200] https://github.com/nvuillam/npm-groovy-lint
[403] https://nvd.nist.gov/vuln/detail/CVE-2018-20225 | 403 Forbidden: Forbidden
[200] https://json.schemastore.org/htmlhint.json
[EXCLUDED] mailto:you@example.com
[200] https://www.schemastore.org/stylelintrc.json
[404] https://json.schemastore.org/luacheckrc.json | Network error: Not Found
[200] https://raw.githubusercontent.com/microsoft/pyright/main/packages/vscode-pyright/schemas/pyrightconfig.schema.json
[200] https://github.com/amperser/proselint | OK (cached)
[EXCLUDED] mailto:support@errata.ai
[200] https://www.schemastore.org/npmpackagejsonlintrc.json
[200] https://raw.githubusercontent.com/chris48s/v8r/main/config-schema.json
[200] https://taskfile.dev/
[404] https://github.com/yourusername/your-module-name/issues | Network error: Not Found
[200] https://github.com/terraform-linters/tflint
[EXCLUDED] file://docs/plaid-setup.md#5-environment-variable-storage
[200] https://github.com/Lightning-Flow-Scanner/lightning-flow-scanner-sfdx
[400] https://search.maven.org/solrsearch/select | Network error: Bad Request
[200] https://dashboard.plaid.com/
[200] https://dashboard.plaid.com/team/keys
[404] https://github.com/yourusername/your-module-name | Network error: Not Found
[404] https://github.com/yourusername/your-module-name.git | Network error: Not Found
[200] https://github.com/errata-ai/write-good/releases.atom
[200] https://dashboard.plaid.com/ | OK (cached)
[200] https://dashboard.plaid.com/signup
[200] https://github.com/errata-ai/proselint/issues/new
[200] https://github.com/errata-ai/proselint/releases/latest/download/proselint.zip
[200] https://github.com/hadolint/hadolint#linting-labels
[200] https://dashboard.plaid.com/team/keys | OK (cached)
[200] https://github.com/sirupsen/logrus#level-logging
[200] https://github.com/nektos/act
[EXCLUDED] file://docs/reports/megalinter
[EXCLUDED] http://localhost:8000/docs
[EXCLUDED] http://localhost:8000/health
[EXCLUDED] http://localhost:8000/
[200] https://dashboard.plaid.com/signup | OK (cached)
[EXCLUDED] http://localhost:8000/redoc
[EXCLUDED] http://localhost:8000/docs
[200] https://dashboard.plaid.com/signup
[200] https://dashboard.plaid.com/signup | OK (cached)
[EXCLUDED] http://localhost:8000/docs
[EXCLUDED] http://localhost:8000/health
[200] https://dashboard.plaid.com/team/billing
[200] https://github.com/bridgecrewio/checkov#configuration-using-a-config-file
[200] https://plaid.com/docs/sandbox/
[200] https://dashboard.plaid.com/team/billing
[200] https://plaid.com/docs/sandbox/
[200] https://plaid.com/pricing/
[200] https://plaid.com/pricing/
[200] https://github.com/errata-ai/proselint/releases.atom
[200] https://plaid.com/docs/
[EXCLUDED] mailto:i@izs.me
[200] https://vite.dev/guide/rolldown
[200] https://plaid.com/docs/link/web/
[200] https://plaid.com/docs/
[200] https://oxc.rs/
[200] https://babeljs.io/
[200] https://swc.rs/
[200] https://react.dev/learn/react-compiler/installation
[200] https://github.com/Rel1cx/eslint-react/tree/main/packages/plugins/eslint-plugin-react-x
[200] https://github.com/btford/write-good
[200] https://github.com/plaid/quickstart
[200] https://github.com/Rel1cx/eslint-react/tree/main/packages/plugins/eslint-plugin-react-dom
[200] https://github.com/plaid/quickstart
[200] https://github.com/vitejs/vite-plugin-react/blob/main/packages/plugin-react-swc
[200] https://github.com/vitejs/vite-plugin-react/blob/main/packages/plugin-react
[200] https://github.com/aquasecurity/trivy
[200] https://github.com/IBM/tekton-lint
[200] https://github.com/PHPCSStandards/PHP_CodeSniffer/
[200] https://github.com/PowerShell/PSScriptAnalyzer
[200] https://www.rubyschema.org/rubocop.json
Error: Cannot write status output to file

Caused by:
    No such file or directory (os error 2)

