Results of jscpd linter (version 4.0.5)
See documentation on https://megalinter.io/8.8.0/descriptors/copypaste_jscpd/
-----------------------------------------------

❌ [ERROR] for workspace /github/workspace
Linter raw log:
Clone found (typescript):
 - ui/src/features/pools/poolCalculations.ts [47:16 - 56:7] (9 lines, 118 tokens)
   ui/src/features/pools/poolCalculations.ts [22:18 - 31:3]

Clone found (typescript):
 - ui/src/features/budgets/useBudgetSummary.ts [15:19 - 23:7] (8 lines, 89 tokens)
   ui/src/features/pools/usePoolSummary.ts [19:17 - 27:15]

Clone found (typescript):
 - ui/src/features/budgets/budgetCalculations.test.ts [16:7 - 32:12] (16 lines, 109 tokens)
   ui/src/features/pools/poolCalculations.test.ts [12:9 - 28:28]

Clone found (typescript):
 - ui/src/features/allocations/allocationStrategy.test.ts [33:2 - 39:56] (6 lines, 70 tokens)
   ui/src/features/allocations/allocationStrategy.test.ts [26:2 - 32:54]

Clone found (typescript):
 - ui/src/store/selectors.test.ts [18:14 - 47:18] (29 lines, 230 tokens)
   ui/src/store/useAppStore.test.ts [6:27 - 35:14]

Clone found (typescript):
 - ui/src/store/selectors.test.ts [47:18 - 58:47] (11 lines, 120 tokens)
   ui/src/store/useAppStore.test.ts [35:14 - 46:43]

Clone found (typescript):
 - ui/src/providers/DataProvider.test.ts [18:5 - 24:36] (6 lines, 72 tokens)
   ui/src/providers/FakeDataProvider.test.ts [12:5 - 18:74]

Clone found (python):
 - server/main.py [346:3 - 358:41] (12 lines, 82 tokens)
   server/main.py [250:67 - 262:35]

┌────────────┬────────────────┬─────────────┬──────────────┬──────────────┬──────────────────┬───────────────────┐
│ Format     │ Files analyzed │ Total lines │ Total tokens │ Clones found │ Duplicated lines │ Duplicated tokens │
├────────────┼────────────────┼─────────────┼──────────────┼──────────────┼──────────────────┼───────────────────┤
│ typescript │ 44             │ 1912        │ 20494        │ 7            │ 85 (4.45%)       │ 808 (3.94%)       │
├────────────┼────────────────┼─────────────┼──────────────┼──────────────┼──────────────────┼───────────────────┤
│ json       │ 26             │ 1084        │ 6273         │ 0            │ 0 (0%)           │ 0 (0%)            │
├────────────┼────────────────┼─────────────┼──────────────┼──────────────┼──────────────────┼───────────────────┤
│ javascript │ 21             │ 516         │ 4099         │ 0            │ 0 (0%)           │ 0 (0%)            │
├────────────┼────────────────┼─────────────┼──────────────┼──────────────┼──────────────────┼───────────────────┤
│ tsx        │ 28             │ 1165        │ 12042        │ 0            │ 0 (0%)           │ 0 (0%)            │
├────────────┼────────────────┼─────────────┼──────────────┼──────────────┼──────────────────┼───────────────────┤
│ css        │ 1              │ 69          │ 378          │ 0            │ 0 (0%)           │ 0 (0%)            │
├────────────┼────────────────┼─────────────┼──────────────┼──────────────┼──────────────────┼───────────────────┤
│ python     │ 6              │ 845         │ 5031         │ 1            │ 12 (1.42%)       │ 82 (1.63%)        │
├────────────┼────────────────┼─────────────┼──────────────┼──────────────┼──────────────────┼───────────────────┤
│ clojure    │ 1              │ 33          │ 208          │ 0            │ 0 (0%)           │ 0 (0%)            │
├────────────┼────────────────┼─────────────┼──────────────┼──────────────┼──────────────────┼───────────────────┤
│ yaml       │ 30             │ 1849        │ 7226         │ 0            │ 0 (0%)           │ 0 (0%)            │
├────────────┼────────────────┼─────────────┼──────────────┼──────────────┼──────────────────┼───────────────────┤
│ bash       │ 2              │ 211         │ 1124         │ 0            │ 0 (0%)           │ 0 (0%)            │
├────────────┼────────────────┼─────────────┼──────────────┼──────────────┼──────────────────┼───────────────────┤
│ markup     │ 7              │ 223         │ 1809         │ 0            │ 0 (0%)           │ 0 (0%)            │
├────────────┼────────────────┼─────────────┼──────────────┼──────────────┼──────────────────┼───────────────────┤
│ markdown   │ 10             │ 1508        │ 10126        │ 0            │ 0 (0%)           │ 0 (0%)            │
├────────────┼────────────────┼─────────────┼──────────────┼──────────────┼──────────────────┼───────────────────┤
│ ini        │ 3              │ 84          │ 548          │ 0            │ 0 (0%)           │ 0 (0%)            │
├────────────┼────────────────┼─────────────┼──────────────┼──────────────┼──────────────────┼───────────────────┤
│ powershell │ 3              │ 103         │ 451          │ 0            │ 0 (0%)           │ 0 (0%)            │
├────────────┼────────────────┼─────────────┼──────────────┼──────────────┼──────────────────┼───────────────────┤
│ Total:     │ 182            │ 9602        │ 69809        │ 8            │ 97 (1.01%)       │ 890 (1.27%)       │
└────────────┴────────────────┴─────────────┴──────────────┴──────────────┴──────────────────┴───────────────────┘
Found 8 clones.
HTML report saved to reports/megalinter/copy-paste/html/
ERROR: jscpd found too many duplicates (1.01%) over threshold (0%)
Error: ERROR: jscpd found too many duplicates (1.01%) over threshold (0%)
    at ThresholdReporter.report (/node-deps/node_modules/@jscpd/finder/dist/index.js:612:13)
    at /node-deps/node_modules/@jscpd/finder/dist/index.js:110:18
    at Array.forEach (<anonymous>)
    at /node-deps/node_modules/@jscpd/finder/dist/index.js:109:22
    at async /node-deps/node_modules/jscpd/dist/jscpd.js:351:5

