Results of secretlint linter (version 10.1.0)
See documentation on https://megalinter.io/8.8.0/descriptors/repository_secretlint/
-----------------------------------------------

❌ [ERROR] for workspace /github/workspace
Linter raw log:
AggregationError: Secretlint Configuration Error

----

Does not exist id: "@secretlint/secretlint-rule-secp256k1-privatekey" in the preset(@secretlint/secretlint-rule-preset-recommend).

Following config is invalid because the preset(@secretlint/secretlint-rule-preset-recommend) does not have id: "@secretlint/secretlint-rule-secp256k1-privatekey".

{"id":"@secretlint/secretlint-rule-secp256k1-privatekey","disabled":true,"type":"rule"}

    at validateConfigWithDescriptor (file:///node-deps/node_modules/@secretlint/config-loader/module/validator.js:138:16)
    at loadPackagesFromConfigDescriptor (file:///node-deps/node_modules/@secretlint/config-loader/module/index.js:112:34)
    at async loadConfig (file:///node-deps/node_modules/@secretlint/config-loader/module/index.js:138:30)
    at async file:///node-deps/node_modules/@secretlint/node/module/index.js:109:34
    at async createEngine (file:///node-deps/node_modules/@secretlint/node/module/index.js:102:26)
    at async lintFileOrText (file:///node-deps/node_modules/secretlint/module/index.js:5:20)
    at async runSecretLint (file:///node-deps/node_modules/secretlint/module/index.js:31:28)
    at async file:///node-deps/node_modules/secretlint/bin/secretlint.js:15:44 {
  errors: [
    Error: Does not exist id: "@secretlint/secretlint-rule-secp256k1-privatekey" in the preset(@secretlint/secretlint-rule-preset-recommend).
    
    Following config is invalid because the preset(@secretlint/secretlint-rule-preset-recommend) does not have id: "@secretlint/secretlint-rule-secp256k1-privatekey".
    
    {"id":"@secretlint/secretlint-rule-secp256k1-privatekey","disabled":true,"type":"rule"}
    
        at file:///node-deps/node_modules/@secretlint/config-loader/module/validator.js:106:33
        at Array.forEach (<anonymous>)
        at validateConfigWithDescriptor (file:///node-deps/node_modules/@secretlint/config-loader/module/validator.js:103:26)
        at loadPackagesFromConfigDescriptor (file:///node-deps/node_modules/@secretlint/config-loader/module/index.js:112:34)
        at async loadConfig (file:///node-deps/node_modules/@secretlint/config-loader/module/index.js:138:30)
        at async file:///node-deps/node_modules/@secretlint/node/module/index.js:109:34
        at async createEngine (file:///node-deps/node_modules/@secretlint/node/module/index.js:102:26)
        at async lintFileOrText (file:///node-deps/node_modules/secretlint/module/index.js:5:20)
        at async runSecretLint (file:///node-deps/node_modules/secretlint/module/index.js:31:28)
        at async file:///node-deps/node_modules/secretlint/bin/secretlint.js:15:44
  ]
}

